[2022-11-24 01:07:57,848] INFO [CMS-connecto r 5|task-0] [Producer clientId=connector-producer-CMS-connecto r 5-0] Resetting the last seen epoch of partition testdb.testdb.hibernate_sequence-0 to 0 since the associated topicId changed from null to iHJcUGjMSjiAm5KO4DXA6Q (org.apache.kafka.clients.Metadata:402)
[2022-11-24 01:07:58,498] INFO [CMS-connecto r 5|task-0] [Producer clientId=connector-producer-CMS-connecto r 5-0] Resetting the last seen epoch of partition testdb.testdb.lines_p-0 to 0 since the associated topicId changed from null to dpg92B6dR0qdszr64wLUJg (org.apache.kafka.clients.Metadata:402)
[2022-11-24 01:07:58,652] INFO [CMS-connecto r 5|task-0] [Producer clientId=connector-producer-CMS-connecto r 5-0] Resetting the last seen epoch of partition testdb.testdb.my_revision-0 to 0 since the associated topicId changed from null to 3pLlUZquRSurfFU2HpQjBw (org.apache.kafka.clients.Metadata:402)
[2022-11-24 01:07:58,967] INFO [CMS-connecto r 5|task-0] [Producer clientId=connector-producer-CMS-connecto r 5-0] Resetting the last seen epoch of partition testdb.testdb.lines_p_aud-0 to 0 since the associated topicId changed from null to ShrkwYkEQRiE4ExCVdXdqw (org.apache.kafka.clients.Metadata:402)
[2022-11-24 01:09:11,274] INFO [CMS-connecto r 5|task-0] [Producer clientId=connector-producer-CMS-connecto r 5-0] Resetting the last seen epoch of partition testdb.testdb.hibernate_sequence-0 to 0 since the associated topicId changed from null to iHJcUGjMSjiAm5KO4DXA6Q (org.apache.kafka.clients.Metadata:402)
[2022-11-24 01:09:11,275] INFO [CMS-connecto r 5|task-0] [Producer clientId=connector-producer-CMS-connecto r 5-0] Resetting the last seen epoch of partition testdb.testdb.my_revision-0 to 0 since the associated topicId changed from null to 3pLlUZquRSurfFU2HpQjBw (org.apache.kafka.clients.Metadata:402)
[2022-11-24 01:09:11,277] INFO [CMS-connecto r 5|task-0] [Producer clientId=connector-producer-CMS-connecto r 5-0] Resetting the last seen epoch of partition testdb.testdb.lines_p-0 to 0 since the associated topicId changed from null to dpg92B6dR0qdszr64wLUJg (org.apache.kafka.clients.Metadata:402)
[2022-11-24 01:21:39,869] INFO [CMS-connecto r 5|task-0] [Producer clientId=connector-producer-CMS-connecto r 5-0] Resetting the last seen epoch of partition testdb.testdb.hibernate_sequence-0 to 0 since the associated topicId changed from null to iHJcUGjMSjiAm5KO4DXA6Q (org.apache.kafka.clients.Metadata:402)
[2022-11-24 01:21:39,877] INFO [CMS-connecto r 5|task-0] [Producer clientId=connector-producer-CMS-connecto r 5-0] Resetting the last seen epoch of partition testdb.testdb.lines_p-0 to 0 since the associated topicId changed from null to dpg92B6dR0qdszr64wLUJg (org.apache.kafka.clients.Metadata:402)
[2022-11-24 01:21:40,026] INFO [CMS-connecto r 5|task-0] [Producer clientId=connector-producer-CMS-connecto r 5-0] Resetting the last seen epoch of partition testdb.testdb.my_revision-0 to 0 since the associated topicId changed from null to 3pLlUZquRSurfFU2HpQjBw (org.apache.kafka.clients.Metadata:402)
[2022-11-24 01:21:40,029] INFO [CMS-connecto r 5|task-0] [Producer clientId=connector-producer-CMS-connecto r 5-0] Resetting the last seen epoch of partition testdb.testdb.lines_p_aud-0 to 0 since the associated topicId changed from null to ShrkwYkEQRiE4ExCVdXdqw (org.apache.kafka.clients.Metadata:402)
[2022-11-24 01:23:48,295] INFO [CMS-connecto r 5|task-0] [Producer clientId=connector-producer-CMS-connecto r 5-0] Resetting the last seen epoch of partition testdb.testdb.machines-0 to 0 since the associated topicId changed from null to DxsJSCBhRKKNIEPhc292fA (org.apache.kafka.clients.Metadata:402)
[2022-11-24 01:23:48,850] INFO [CMS-connecto r 5|task-0] [Producer clientId=connector-producer-CMS-connecto r 5-0] Resetting the last seen epoch of partition testdb.testdb.machines_aud-0 to 0 since the associated topicId changed from null to A0ZBUnNZTB6ZFp9Cm6Un4w (org.apache.kafka.clients.Metadata:402)
[2022-11-24 01:24:11,335] INFO [CMS-connecto r 5|task-0] [Producer clientId=connector-producer-CMS-connecto r 5-0] Resetting the last seen epoch of partition testdb.testdb.machines-0 to 0 since the associated topicId changed from null to DxsJSCBhRKKNIEPhc292fA (org.apache.kafka.clients.Metadata:402)
[2022-11-24 01:24:11,336] INFO [CMS-connecto r 5|task-0] [Producer clientId=connector-producer-CMS-connecto r 5-0] Resetting the last seen epoch of partition testdb.testdb.lines_p_aud-0 to 0 since the associated topicId changed from null to ShrkwYkEQRiE4ExCVdXdqw (org.apache.kafka.clients.Metadata:402)
[2022-11-24 01:24:11,336] INFO [CMS-connecto r 5|task-0] [Producer clientId=connector-producer-CMS-connecto r 5-0] Resetting the last seen epoch of partition testdb.testdb.hibernate_sequence-0 to 0 since the associated topicId changed from null to iHJcUGjMSjiAm5KO4DXA6Q (org.apache.kafka.clients.Metadata:402)
[2022-11-24 01:24:11,337] INFO [CMS-connecto r 5|task-0] [Producer clientId=connector-producer-CMS-connecto r 5-0] Resetting the last seen epoch of partition testdb.testdb.lines_p-0 to 0 since the associated topicId changed from null to dpg92B6dR0qdszr64wLUJg (org.apache.kafka.clients.Metadata:402)
[2022-11-24 01:24:11,337] INFO [CMS-connecto r 5|task-0] [Producer clientId=connector-producer-CMS-connecto r 5-0] Resetting the last seen epoch of partition testdb.testdb.my_revision-0 to 0 since the associated topicId changed from null to 3pLlUZquRSurfFU2HpQjBw (org.apache.kafka.clients.Metadata:402)
[2022-11-24 01:40:12,770] INFO [CMS-connecto r 5|task-0] [Producer clientId=connector-producer-CMS-connecto r 5-0] Resetting the last seen epoch of partition testdb.testdb.lines_p-0 to 0 since the associated topicId changed from null to dpg92B6dR0qdszr64wLUJg (org.apache.kafka.clients.Metadata:402)
[2022-11-24 01:44:11,416] INFO [CMS-connecto r 5|task-0] [Producer clientId=connector-producer-CMS-connecto r 5-0] Resetting the last seen epoch of partition testdb.testdb.lines_p_aud-0 to 0 since the associated topicId changed from null to ShrkwYkEQRiE4ExCVdXdqw (org.apache.kafka.clients.Metadata:402)
[2022-11-24 01:44:11,417] INFO [CMS-connecto r 5|task-0] [Producer clientId=connector-producer-CMS-connecto r 5-0] Resetting the last seen epoch of partition testdb.testdb.hibernate_sequence-0 to 0 since the associated topicId changed from null to iHJcUGjMSjiAm5KO4DXA6Q (org.apache.kafka.clients.Metadata:402)
[2022-11-24 01:44:11,419] INFO [CMS-connecto r 5|task-0] [Producer clientId=connector-producer-CMS-connecto r 5-0] Resetting the last seen epoch of partition testdb.testdb.my_revision-0 to 0 since the associated topicId changed from null to 3pLlUZquRSurfFU2HpQjBw (org.apache.kafka.clients.Metadata:402)
[2022-11-24 01:50:00,219] ERROR [CMS-connecto r 5|task-0] Error during binlog processing. Last offset stored = {transaction_id=null, ts_sec=1669250412, file=mysql-bin.000034, pos=10699, server_id=1, event=1}, binlog reader near position = mysql-bin.000034/10699 (io.debezium.connector.mysql.MySqlStreamingChangeEventSource:1072)
[2022-11-24 01:50:00,655] ERROR [CMS-connecto r 5|task-0] Producer failure (io.debezium.pipeline.ErrorHandler:31)
io.debezium.DebeziumException: Failed to read next byte from position 29234
	at io.debezium.connector.mysql.MySqlStreamingChangeEventSource.wrap(MySqlStreamingChangeEventSource.java:1172)
	at io.debezium.connector.mysql.MySqlStreamingChangeEventSource$ReaderThreadLifecycleListener.onCommunicationFailure(MySqlStreamingChangeEventSource.java:1217)
	at com.github.shyiko.mysql.binlog.BinaryLogClient.listenForEventPackets(BinaryLogClient.java:980)
	at com.github.shyiko.mysql.binlog.BinaryLogClient.connect(BinaryLogClient.java:599)
	at com.github.shyiko.mysql.binlog.BinaryLogClient$7.run(BinaryLogClient.java:857)
	at java.lang.Thread.run(Unknown Source)
Caused by: java.io.EOFException: Failed to read next byte from position 29234
	at com.github.shyiko.mysql.binlog.io.ByteArrayInputStream.read(ByteArrayInputStream.java:213)
	at com.github.shyiko.mysql.binlog.io.ByteArrayInputStream.readInteger(ByteArrayInputStream.java:52)
	at com.github.shyiko.mysql.binlog.event.deserialization.EventHeaderV4Deserializer.deserialize(EventHeaderV4Deserializer.java:35)
	at com.github.shyiko.mysql.binlog.event.deserialization.EventHeaderV4Deserializer.deserialize(EventHeaderV4Deserializer.java:27)
	at com.github.shyiko.mysql.binlog.event.deserialization.EventDeserializer.nextEvent(EventDeserializer.java:221)
	at io.debezium.connector.mysql.MySqlStreamingChangeEventSource$1.nextEvent(MySqlStreamingChangeEventSource.java:230)
	at com.github.shyiko.mysql.binlog.BinaryLogClient.listenForEventPackets(BinaryLogClient.java:952)
	... 3 more
[2022-11-24 01:50:00,988] INFO [CMS-connecto r 5|task-0] Stopped reading binlog after 0 events, last recorded offset: {transaction_id=null, ts_sec=1669250412, file=mysql-bin.000034, pos=10699, server_id=1, event=1} (io.debezium.connector.mysql.MySqlStreamingChangeEventSource:1188)
[2022-11-24 01:50:01,404] ERROR [CMS-connecto r 5|task-0] WorkerSourceTask{id=CMS-connecto r 5-0} Task threw an uncaught and unrecoverable exception. Task is being killed and will not recover until manually restarted (org.apache.kafka.connect.runtime.WorkerTask:195)
org.apache.kafka.connect.errors.ConnectException: An exception occurred in the change event producer. This connector will be stopped.
	at io.debezium.pipeline.ErrorHandler.setProducerThrowable(ErrorHandler.java:42)
	at io.debezium.connector.mysql.MySqlStreamingChangeEventSource$ReaderThreadLifecycleListener.onCommunicationFailure(MySqlStreamingChangeEventSource.java:1217)
	at com.github.shyiko.mysql.binlog.BinaryLogClient.listenForEventPackets(BinaryLogClient.java:980)
	at com.github.shyiko.mysql.binlog.BinaryLogClient.connect(BinaryLogClient.java:599)
	at com.github.shyiko.mysql.binlog.BinaryLogClient$7.run(BinaryLogClient.java:857)
	at java.lang.Thread.run(Unknown Source)
Caused by: io.debezium.DebeziumException: Failed to read next byte from position 29234
	at io.debezium.connector.mysql.MySqlStreamingChangeEventSource.wrap(MySqlStreamingChangeEventSource.java:1172)
	... 5 more
Caused by: java.io.EOFException: Failed to read next byte from position 29234
	at com.github.shyiko.mysql.binlog.io.ByteArrayInputStream.read(ByteArrayInputStream.java:213)
	at com.github.shyiko.mysql.binlog.io.ByteArrayInputStream.readInteger(ByteArrayInputStream.java:52)
	at com.github.shyiko.mysql.binlog.event.deserialization.EventHeaderV4Deserializer.deserialize(EventHeaderV4Deserializer.java:35)
	at com.github.shyiko.mysql.binlog.event.deserialization.EventHeaderV4Deserializer.deserialize(EventHeaderV4Deserializer.java:27)
	at com.github.shyiko.mysql.binlog.event.deserialization.EventDeserializer.nextEvent(EventDeserializer.java:221)
	at io.debezium.connector.mysql.MySqlStreamingChangeEventSource$1.nextEvent(MySqlStreamingChangeEventSource.java:230)
	at com.github.shyiko.mysql.binlog.BinaryLogClient.listenForEventPackets(BinaryLogClient.java:952)
	... 3 more
[2022-11-24 01:50:01,435] INFO [CMS-connecto r 5|task-0] Stopping down connector (io.debezium.connector.common.BaseSourceTask:238)
[2022-11-24 01:50:01,488] INFO [CMS-connecto r 5|task-0] Finished streaming (io.debezium.pipeline.ChangeEventSourceCoordinator:173)
[2022-11-24 01:50:02,457] WARN [CMS-connecto r 5|task-0|offsets] Couldn't commit processed log positions with the source database due to a concurrent connector shutdown or restart (io.debezium.connector.common.BaseSourceTask:289)
[2022-11-24 01:50:05,336] ERROR [CMS-connecto r 5|task-0] Exception while closing JDBC connection (io.debezium.connector.mysql.MySqlConnectorTask:231)
java.sql.SQLNonTransientConnectionException: Communications link failure during rollback(). Transaction resolution unknown.
	at com.mysql.cj.jdbc.exceptions.SQLError.createSQLException(SQLError.java:110)
	at com.mysql.cj.jdbc.exceptions.SQLError.createSQLException(SQLError.java:97)
	at com.mysql.cj.jdbc.exceptions.SQLError.createSQLException(SQLError.java:89)
	at com.mysql.cj.jdbc.exceptions.SQLError.createSQLException(SQLError.java:63)
	at com.mysql.cj.jdbc.ConnectionImpl.rollback(ConnectionImpl.java:1837)
	at com.mysql.cj.jdbc.ConnectionImpl.realClose(ConnectionImpl.java:1694)
	at com.mysql.cj.jdbc.ConnectionImpl.close(ConnectionImpl.java:713)
	at io.debezium.jdbc.JdbcConnection.lambda$doClose$3(JdbcConnection.java:964)
	at java.util.concurrent.FutureTask.run(Unknown Source)
	at java.util.concurrent.ThreadPoolExecutor.runWorker(Unknown Source)
	at java.util.concurrent.ThreadPoolExecutor$Worker.run(Unknown Source)
	at java.lang.Thread.run(Unknown Source)
[2022-11-24 01:50:05,407] INFO [CMS-connecto r 5|task-0] [Producer clientId=testdb-dbhistory] Closing the Kafka producer with timeoutMillis = 30000 ms. (org.apache.kafka.clients.producer.KafkaProducer:1249)
[2022-11-24 01:50:06,164] INFO [CMS-connecto r 5|task-0] Metrics scheduler closed (org.apache.kafka.common.metrics.Metrics:659)
[2022-11-24 01:50:06,170] INFO [CMS-connecto r 5|task-0] Closing reporter org.apache.kafka.common.metrics.JmxReporter (org.apache.kafka.common.metrics.Metrics:663)
[2022-11-24 01:50:06,275] INFO [CMS-connecto r 5|task-0] Metrics reporters closed (org.apache.kafka.common.metrics.Metrics:669)
[2022-11-24 01:50:06,793] INFO [CMS-connecto r 5|task-0] App info kafka.producer for testdb-dbhistory unregistered (org.apache.kafka.common.utils.AppInfoParser:83)
[2022-11-24 01:50:06,810] INFO [CMS-connecto r 5|task-0] [Producer clientId=connector-producer-CMS-connecto r 5-0] Closing the Kafka producer with timeoutMillis = 30000 ms. (org.apache.kafka.clients.producer.KafkaProducer:1249)
[2022-11-24 01:50:07,005] INFO [CMS-connecto r 5|task-0] Metrics scheduler closed (org.apache.kafka.common.metrics.Metrics:659)
[2022-11-24 01:50:07,016] INFO [CMS-connecto r 5|task-0] Closing reporter org.apache.kafka.common.metrics.JmxReporter (org.apache.kafka.common.metrics.Metrics:663)
[2022-11-24 01:50:07,017] INFO [CMS-connecto r 5|task-0] Metrics reporters closed (org.apache.kafka.common.metrics.Metrics:669)
[2022-11-24 01:50:07,018] INFO [CMS-connecto r 5|task-0] App info kafka.producer for connector-producer-CMS-connecto r 5-0 unregistered (org.apache.kafka.common.utils.AppInfoParser:83)
