[2022-10-28 21:04:41,050] INFO Starting the log cleaner (kafka.log.LogCleaner)
[2022-10-28 21:04:41,161] INFO [kafka-log-cleaner-thread-0]: Starting (kafka.log.LogCleaner)
[2022-10-28 21:44:50,627] INFO Starting the log cleaner (kafka.log.LogCleaner)
[2022-10-28 21:44:50,749] INFO [kafka-log-cleaner-thread-0]: Starting (kafka.log.LogCleaner)
[2022-10-30 22:13:12,217] INFO Starting the log cleaner (kafka.log.LogCleaner)
[2022-10-30 22:13:12,338] INFO [kafka-log-cleaner-thread-0]: Starting (kafka.log.LogCleaner)
[2022-10-30 23:08:48,206] INFO Starting the log cleaner (kafka.log.LogCleaner)
[2022-10-30 23:08:48,325] INFO [kafka-log-cleaner-thread-0]: Starting (kafka.log.LogCleaner)
[2022-10-31 23:04:36,381] INFO Starting the log cleaner (kafka.log.LogCleaner)
[2022-10-31 23:04:36,523] INFO [kafka-log-cleaner-thread-0]: Starting (kafka.log.LogCleaner)
[2022-11-01 22:22:25,922] INFO Starting the log cleaner (kafka.log.LogCleaner)
[2022-11-01 22:22:26,147] INFO [kafka-log-cleaner-thread-0]: Starting (kafka.log.LogCleaner)
[2022-11-07 02:21:45,638] INFO Starting the log cleaner (kafka.log.LogCleaner)
[2022-11-07 02:21:45,760] INFO [kafka-log-cleaner-thread-0]: Starting (kafka.log.LogCleaner)
[2022-11-07 02:25:24,344] INFO Starting the log cleaner (kafka.log.LogCleaner)
[2022-11-07 02:25:24,423] INFO [kafka-log-cleaner-thread-0]: Starting (kafka.log.LogCleaner)
[2022-11-07 02:25:39,492] INFO Cleaner 0: Beginning cleaning of log __consumer_offsets-9 (kafka.log.LogCleaner)
[2022-11-07 02:25:39,493] INFO Cleaner 0: Building offset map for __consumer_offsets-9... (kafka.log.LogCleaner)
[2022-11-07 02:25:39,528] INFO Cleaner 0: Building offset map for log __consumer_offsets-9 for 1 segments in offset range [0, 9). (kafka.log.LogCleaner)
[2022-11-07 02:25:39,547] INFO Cleaner 0: Offset map for log __consumer_offsets-9 complete. (kafka.log.LogCleaner)
[2022-11-07 02:25:39,549] INFO Cleaner 0: Cleaning log __consumer_offsets-9 (cleaning prior to Tue Nov 01 22:32:27 GMT+01:00 2022, discarding tombstones prior to upper bound deletion horizon Thu Jan 01 01:00:00 GMT+01:00 1970)... (kafka.log.LogCleaner)
[2022-11-07 02:25:39,553] INFO Cleaner 0: Cleaning LogSegment(baseOffset=0, size=2036, lastModifiedTime=1667338347864, largestRecordTimestamp=Some(1667338347850)) in log __consumer_offsets-9 into 0 with an upper bound deletion horizon 0 computed from the segment last modified time of 1667338347864,retaining deletes. (kafka.log.LogCleaner)
[2022-11-07 02:25:39,640] INFO Cleaner 0: Swapping in cleaned segment LogSegment(baseOffset=0, size=92, lastModifiedTime=1667338347864, largestRecordTimestamp=Some(1667338347850)) for segment(s) List(LogSegment(baseOffset=0, size=2036, lastModifiedTime=1667338347864, largestRecordTimestamp=Some(1667338347850))) in log Log(dir=C:\serverdata\__consumer_offsets-9, topicId=DPEjP4oHTI-UR4P8V22XFw, topic=__consumer_offsets, partition=9, highWatermark=11, lastStableOffset=11, logStartOffset=0, logEndOffset=11) (kafka.log.LogCleaner)
[2022-11-07 02:25:39,697] INFO Cleaner 0: Beginning cleaning of log __consumer_offsets-9 (kafka.log.LogCleaner)
[2022-11-07 02:25:39,697] INFO Cleaner 0: Building offset map for __consumer_offsets-9... (kafka.log.LogCleaner)
[2022-11-07 02:29:22,772] INFO Starting the log cleaner (kafka.log.LogCleaner)
[2022-11-07 02:29:22,848] INFO [kafka-log-cleaner-thread-0]: Starting (kafka.log.LogCleaner)
[2022-11-07 02:29:37,918] INFO Cleaner 0: Beginning cleaning of log __consumer_offsets-9 (kafka.log.LogCleaner)
[2022-11-07 02:29:37,919] INFO Cleaner 0: Building offset map for __consumer_offsets-9... (kafka.log.LogCleaner)
[2022-11-07 02:29:37,946] INFO Cleaner 0: Building offset map for log __consumer_offsets-9 for 1 segments in offset range [0, 9). (kafka.log.LogCleaner)
[2022-11-07 02:29:37,961] INFO Cleaner 0: Offset map for log __consumer_offsets-9 complete. (kafka.log.LogCleaner)
[2022-11-07 02:29:37,962] INFO Cleaner 0: Cleaning log __consumer_offsets-9 (cleaning prior to Tue Nov 01 22:32:27 GMT+01:00 2022, discarding tombstones prior to upper bound deletion horizon Thu Jan 01 01:00:00 GMT+01:00 1970)... (kafka.log.LogCleaner)
[2022-11-07 02:29:37,966] INFO Cleaner 0: Cleaning LogSegment(baseOffset=0, size=2036, lastModifiedTime=1667338347864, largestRecordTimestamp=Some(1667338347850)) in log __consumer_offsets-9 into 0 with an upper bound deletion horizon 0 computed from the segment last modified time of 1667338347864,retaining deletes. (kafka.log.LogCleaner)
[2022-11-07 02:29:38,070] INFO Cleaner 0: Swapping in cleaned segment LogSegment(baseOffset=0, size=92, lastModifiedTime=1667338347864, largestRecordTimestamp=Some(1667338347850)) for segment(s) List(LogSegment(baseOffset=0, size=2036, lastModifiedTime=1667338347864, largestRecordTimestamp=Some(1667338347850))) in log Log(dir=C:\serverdata\__consumer_offsets-9, topicId=DPEjP4oHTI-UR4P8V22XFw, topic=__consumer_offsets, partition=9, highWatermark=11, lastStableOffset=11, logStartOffset=0, logEndOffset=11) (kafka.log.LogCleaner)
[2022-11-07 02:31:07,243] INFO Starting the log cleaner (kafka.log.LogCleaner)
[2022-11-07 02:31:07,324] INFO [kafka-log-cleaner-thread-0]: Starting (kafka.log.LogCleaner)
[2022-11-07 02:31:22,386] INFO Cleaner 0: Beginning cleaning of log __consumer_offsets-9 (kafka.log.LogCleaner)
[2022-11-07 02:31:22,387] INFO Cleaner 0: Building offset map for __consumer_offsets-9... (kafka.log.LogCleaner)
[2022-11-07 02:31:22,426] INFO Cleaner 0: Building offset map for log __consumer_offsets-9 for 1 segments in offset range [0, 9). (kafka.log.LogCleaner)
[2022-11-07 02:31:22,447] INFO Cleaner 0: Offset map for log __consumer_offsets-9 complete. (kafka.log.LogCleaner)
[2022-11-07 02:31:22,448] INFO Cleaner 0: Cleaning log __consumer_offsets-9 (cleaning prior to Tue Nov 01 22:32:27 GMT+01:00 2022, discarding tombstones prior to upper bound deletion horizon Thu Jan 01 01:00:00 GMT+01:00 1970)... (kafka.log.LogCleaner)
[2022-11-07 02:31:22,452] INFO Cleaner 0: Cleaning LogSegment(baseOffset=0, size=2036, lastModifiedTime=1667338347864, largestRecordTimestamp=Some(1667338347850)) in log __consumer_offsets-9 into 0 with an upper bound deletion horizon 0 computed from the segment last modified time of 1667338347864,retaining deletes. (kafka.log.LogCleaner)
[2022-11-07 02:31:22,547] INFO Cleaner 0: Swapping in cleaned segment LogSegment(baseOffset=0, size=92, lastModifiedTime=1667338347864, largestRecordTimestamp=Some(1667338347850)) for segment(s) List(LogSegment(baseOffset=0, size=2036, lastModifiedTime=1667338347864, largestRecordTimestamp=Some(1667338347850))) in log Log(dir=C:\serverdata\__consumer_offsets-9, topicId=DPEjP4oHTI-UR4P8V22XFw, topic=__consumer_offsets, partition=9, highWatermark=11, lastStableOffset=11, logStartOffset=0, logEndOffset=11) (kafka.log.LogCleaner)
[2022-11-07 02:31:22,624] INFO Cleaner 0: Beginning cleaning of log __consumer_offsets-9 (kafka.log.LogCleaner)
[2022-11-07 02:31:22,624] INFO Cleaner 0: Building offset map for __consumer_offsets-9... (kafka.log.LogCleaner)
[2022-11-07 02:31:35,708] INFO Starting the log cleaner (kafka.log.LogCleaner)
[2022-11-07 02:31:35,778] INFO [kafka-log-cleaner-thread-0]: Starting (kafka.log.LogCleaner)
[2022-11-07 02:31:50,837] INFO Cleaner 0: Beginning cleaning of log __consumer_offsets-9 (kafka.log.LogCleaner)
[2022-11-07 02:31:50,838] INFO Cleaner 0: Building offset map for __consumer_offsets-9... (kafka.log.LogCleaner)
[2022-11-07 02:31:50,862] INFO Cleaner 0: Building offset map for log __consumer_offsets-9 for 1 segments in offset range [0, 9). (kafka.log.LogCleaner)
[2022-11-07 02:31:50,884] INFO Cleaner 0: Offset map for log __consumer_offsets-9 complete. (kafka.log.LogCleaner)
[2022-11-07 02:31:50,886] INFO Cleaner 0: Cleaning log __consumer_offsets-9 (cleaning prior to Tue Nov 01 22:32:27 GMT+01:00 2022, discarding tombstones prior to upper bound deletion horizon Thu Jan 01 01:00:00 GMT+01:00 1970)... (kafka.log.LogCleaner)
[2022-11-07 02:31:50,890] INFO Cleaner 0: Cleaning LogSegment(baseOffset=0, size=2036, lastModifiedTime=1667338347864, largestRecordTimestamp=Some(1667338347850)) in log __consumer_offsets-9 into 0 with an upper bound deletion horizon 0 computed from the segment last modified time of 1667338347864,retaining deletes. (kafka.log.LogCleaner)
[2022-11-07 02:31:51,012] INFO Cleaner 0: Swapping in cleaned segment LogSegment(baseOffset=0, size=92, lastModifiedTime=1667338347864, largestRecordTimestamp=Some(1667338347850)) for segment(s) List(LogSegment(baseOffset=0, size=2036, lastModifiedTime=1667338347864, largestRecordTimestamp=Some(1667338347850))) in log Log(dir=C:\serverdata\__consumer_offsets-9, topicId=DPEjP4oHTI-UR4P8V22XFw, topic=__consumer_offsets, partition=9, highWatermark=11, lastStableOffset=11, logStartOffset=0, logEndOffset=11) (kafka.log.LogCleaner)
[2022-11-07 02:31:51,087] INFO Cleaner 0: Beginning cleaning of log __consumer_offsets-9 (kafka.log.LogCleaner)
[2022-11-07 02:31:51,087] INFO Cleaner 0: Building offset map for __consumer_offsets-9... (kafka.log.LogCleaner)
[2022-11-07 02:31:51,112] INFO Cleaner 0: Building offset map for log __consumer_offsets-9 for 1 segments in offset range [0, 9). (kafka.log.LogCleaner)
[2022-11-07 02:31:51,114] INFO Cleaner 0: Offset map for log __consumer_offsets-9 complete. (kafka.log.LogCleaner)
[2022-11-07 02:31:51,114] INFO Cleaner 0: Cleaning log __consumer_offsets-9 (cleaning prior to Tue Nov 01 22:32:27 GMT+01:00 2022, discarding tombstones prior to upper bound deletion horizon Thu Jan 01 01:00:00 GMT+01:00 1970)... (kafka.log.LogCleaner)
[2022-11-07 02:37:02,072] INFO Starting the log cleaner (kafka.log.LogCleaner)
[2022-11-07 02:37:02,142] INFO [kafka-log-cleaner-thread-0]: Starting (kafka.log.LogCleaner)
[2022-11-07 02:37:17,194] INFO Cleaner 0: Beginning cleaning of log __consumer_offsets-9 (kafka.log.LogCleaner)
[2022-11-07 02:37:17,195] INFO Cleaner 0: Building offset map for __consumer_offsets-9... (kafka.log.LogCleaner)
[2022-11-07 02:37:17,211] INFO Cleaner 0: Building offset map for log __consumer_offsets-9 for 1 segments in offset range [0, 9). (kafka.log.LogCleaner)
[2022-11-07 02:37:17,229] INFO Cleaner 0: Offset map for log __consumer_offsets-9 complete. (kafka.log.LogCleaner)
[2022-11-07 02:37:17,229] INFO Cleaner 0: Cleaning log __consumer_offsets-9 (cleaning prior to Tue Nov 01 22:32:27 GMT+01:00 2022, discarding tombstones prior to upper bound deletion horizon Thu Jan 01 01:00:00 GMT+01:00 1970)... (kafka.log.LogCleaner)
[2022-11-07 02:37:17,234] INFO Cleaner 0: Cleaning LogSegment(baseOffset=0, size=2036, lastModifiedTime=1667338347864, largestRecordTimestamp=Some(1667338347850)) in log __consumer_offsets-9 into 0 with an upper bound deletion horizon 0 computed from the segment last modified time of 1667338347864,retaining deletes. (kafka.log.LogCleaner)
[2022-11-07 02:37:17,410] INFO Cleaner 0: Swapping in cleaned segment LogSegment(baseOffset=0, size=92, lastModifiedTime=1667338347864, largestRecordTimestamp=Some(1667338347850)) for segment(s) List(LogSegment(baseOffset=0, size=2036, lastModifiedTime=1667338347864, largestRecordTimestamp=Some(1667338347850))) in log Log(dir=C:\serverdata\__consumer_offsets-9, topicId=DPEjP4oHTI-UR4P8V22XFw, topic=__consumer_offsets, partition=9, highWatermark=11, lastStableOffset=11, logStartOffset=0, logEndOffset=11) (kafka.log.LogCleaner)
[2022-11-07 02:37:17,483] INFO Cleaner 0: Beginning cleaning of log __consumer_offsets-9 (kafka.log.LogCleaner)
[2022-11-07 02:37:17,483] INFO Cleaner 0: Building offset map for __consumer_offsets-9... (kafka.log.LogCleaner)
[2022-11-07 02:39:11,268] INFO Starting the log cleaner (kafka.log.LogCleaner)
[2022-11-07 02:39:11,349] INFO [kafka-log-cleaner-thread-0]: Starting (kafka.log.LogCleaner)
[2022-11-07 02:39:26,420] INFO Cleaner 0: Beginning cleaning of log __consumer_offsets-9 (kafka.log.LogCleaner)
[2022-11-07 02:39:26,420] INFO Cleaner 0: Building offset map for __consumer_offsets-9... (kafka.log.LogCleaner)
[2022-11-07 02:39:26,439] INFO Cleaner 0: Building offset map for log __consumer_offsets-9 for 1 segments in offset range [0, 9). (kafka.log.LogCleaner)
[2022-11-07 02:39:26,463] INFO Cleaner 0: Offset map for log __consumer_offsets-9 complete. (kafka.log.LogCleaner)
[2022-11-07 02:39:26,464] INFO Cleaner 0: Cleaning log __consumer_offsets-9 (cleaning prior to Tue Nov 01 22:32:27 GMT+01:00 2022, discarding tombstones prior to upper bound deletion horizon Thu Jan 01 01:00:00 GMT+01:00 1970)... (kafka.log.LogCleaner)
[2022-11-07 02:39:26,471] INFO Cleaner 0: Cleaning LogSegment(baseOffset=0, size=2036, lastModifiedTime=1667338347864, largestRecordTimestamp=Some(1667338347850)) in log __consumer_offsets-9 into 0 with an upper bound deletion horizon 0 computed from the segment last modified time of 1667338347864,retaining deletes. (kafka.log.LogCleaner)
[2022-11-07 02:39:26,580] INFO Cleaner 0: Swapping in cleaned segment LogSegment(baseOffset=0, size=92, lastModifiedTime=1667338347864, largestRecordTimestamp=Some(1667338347850)) for segment(s) List(LogSegment(baseOffset=0, size=2036, lastModifiedTime=1667338347864, largestRecordTimestamp=Some(1667338347850))) in log Log(dir=C:\serverdata\__consumer_offsets-9, topicId=DPEjP4oHTI-UR4P8V22XFw, topic=__consumer_offsets, partition=9, highWatermark=11, lastStableOffset=11, logStartOffset=0, logEndOffset=11) (kafka.log.LogCleaner)
[2022-11-07 02:42:16,490] INFO Starting the log cleaner (kafka.log.LogCleaner)
[2022-11-07 02:42:16,567] INFO [kafka-log-cleaner-thread-0]: Starting (kafka.log.LogCleaner)
[2022-11-07 02:42:31,642] INFO Cleaner 0: Beginning cleaning of log __consumer_offsets-9 (kafka.log.LogCleaner)
[2022-11-07 02:42:31,643] INFO Cleaner 0: Building offset map for __consumer_offsets-9... (kafka.log.LogCleaner)
[2022-11-07 02:42:31,666] INFO Cleaner 0: Building offset map for log __consumer_offsets-9 for 1 segments in offset range [0, 9). (kafka.log.LogCleaner)
[2022-11-07 02:42:31,683] INFO Cleaner 0: Offset map for log __consumer_offsets-9 complete. (kafka.log.LogCleaner)
[2022-11-07 02:42:31,684] INFO Cleaner 0: Cleaning log __consumer_offsets-9 (cleaning prior to Tue Nov 01 22:32:27 GMT+01:00 2022, discarding tombstones prior to upper bound deletion horizon Thu Jan 01 01:00:00 GMT+01:00 1970)... (kafka.log.LogCleaner)
[2022-11-07 02:42:31,692] INFO Cleaner 0: Cleaning LogSegment(baseOffset=0, size=2036, lastModifiedTime=1667338347864, largestRecordTimestamp=Some(1667338347850)) in log __consumer_offsets-9 into 0 with an upper bound deletion horizon 0 computed from the segment last modified time of 1667338347864,retaining deletes. (kafka.log.LogCleaner)
[2022-11-07 02:42:31,813] INFO Cleaner 0: Swapping in cleaned segment LogSegment(baseOffset=0, size=92, lastModifiedTime=1667338347864, largestRecordTimestamp=Some(1667338347850)) for segment(s) List(LogSegment(baseOffset=0, size=2036, lastModifiedTime=1667338347864, largestRecordTimestamp=Some(1667338347850))) in log Log(dir=C:\serverdata\__consumer_offsets-9, topicId=DPEjP4oHTI-UR4P8V22XFw, topic=__consumer_offsets, partition=9, highWatermark=11, lastStableOffset=11, logStartOffset=0, logEndOffset=11) (kafka.log.LogCleaner)
[2022-11-07 02:56:30,175] INFO Starting the log cleaner (kafka.log.LogCleaner)
[2022-11-07 02:56:30,307] INFO [kafka-log-cleaner-thread-0]: Starting (kafka.log.LogCleaner)
[2022-11-07 02:56:45,405] INFO Cleaner 0: Beginning cleaning of log __consumer_offsets-9 (kafka.log.LogCleaner)
[2022-11-07 02:56:45,406] INFO Cleaner 0: Building offset map for __consumer_offsets-9... (kafka.log.LogCleaner)
[2022-11-07 02:56:45,424] INFO Cleaner 0: Building offset map for log __consumer_offsets-9 for 1 segments in offset range [0, 9). (kafka.log.LogCleaner)
[2022-11-07 02:56:45,486] INFO Cleaner 0: Offset map for log __consumer_offsets-9 complete. (kafka.log.LogCleaner)
[2022-11-07 02:56:45,488] INFO Cleaner 0: Cleaning log __consumer_offsets-9 (cleaning prior to Tue Nov 01 22:32:27 GMT+01:00 2022, discarding tombstones prior to upper bound deletion horizon Thu Jan 01 01:00:00 GMT+01:00 1970)... (kafka.log.LogCleaner)
[2022-11-07 02:56:45,517] INFO Cleaner 0: Cleaning LogSegment(baseOffset=0, size=2036, lastModifiedTime=1667338347864, largestRecordTimestamp=Some(1667338347850)) in log __consumer_offsets-9 into 0 with an upper bound deletion horizon 0 computed from the segment last modified time of 1667338347864,retaining deletes. (kafka.log.LogCleaner)
[2022-11-07 02:56:46,258] INFO Cleaner 0: Swapping in cleaned segment LogSegment(baseOffset=0, size=92, lastModifiedTime=1667338347864, largestRecordTimestamp=Some(1667338347850)) for segment(s) List(LogSegment(baseOffset=0, size=2036, lastModifiedTime=1667338347864, largestRecordTimestamp=Some(1667338347850))) in log Log(dir=C:\serverdata\__consumer_offsets-9, topicId=DPEjP4oHTI-UR4P8V22XFw, topic=__consumer_offsets, partition=9, highWatermark=11, lastStableOffset=11, logStartOffset=0, logEndOffset=11) (kafka.log.LogCleaner)
[2022-11-07 02:58:43,593] INFO Starting the log cleaner (kafka.log.LogCleaner)
[2022-11-07 02:58:43,661] INFO [kafka-log-cleaner-thread-0]: Starting (kafka.log.LogCleaner)
[2022-11-11 20:01:59,670] INFO Starting the log cleaner (kafka.log.LogCleaner)
[2022-11-11 20:01:59,838] INFO [kafka-log-cleaner-thread-0]: Starting (kafka.log.LogCleaner)
[2022-11-13 21:57:42,699] INFO Starting the log cleaner (kafka.log.LogCleaner)
[2022-11-13 21:57:42,876] INFO [kafka-log-cleaner-thread-0]: Starting (kafka.log.LogCleaner)
[2022-11-16 11:43:46,992] INFO Starting the log cleaner (kafka.log.LogCleaner)
[2022-11-16 11:43:47,192] INFO [kafka-log-cleaner-thread-0]: Starting (kafka.log.LogCleaner)
[2022-11-16 11:46:14,906] INFO Starting the log cleaner (kafka.log.LogCleaner)
[2022-11-16 11:46:14,986] INFO [kafka-log-cleaner-thread-0]: Starting (kafka.log.LogCleaner)
[2022-11-16 11:47:38,420] INFO Starting the log cleaner (kafka.log.LogCleaner)
[2022-11-16 11:47:38,509] INFO [kafka-log-cleaner-thread-0]: Starting (kafka.log.LogCleaner)
[2022-11-16 11:51:44,537] INFO Starting the log cleaner (kafka.log.LogCleaner)
[2022-11-16 11:51:44,616] INFO [kafka-log-cleaner-thread-0]: Starting (kafka.log.LogCleaner)
[2022-11-16 11:58:07,292] INFO Starting the log cleaner (kafka.log.LogCleaner)
[2022-11-16 11:58:07,365] INFO [kafka-log-cleaner-thread-0]: Starting (kafka.log.LogCleaner)
[2022-11-16 11:58:08,448] INFO Shutting down the log cleaner. (kafka.log.LogCleaner)
[2022-11-16 11:58:08,449] INFO [kafka-log-cleaner-thread-0]: Shutting down (kafka.log.LogCleaner)
[2022-11-16 11:58:08,451] INFO [kafka-log-cleaner-thread-0]: Stopped (kafka.log.LogCleaner)
[2022-11-16 11:58:08,452] INFO [kafka-log-cleaner-thread-0]: Shutdown completed (kafka.log.LogCleaner)
[2022-11-16 11:58:27,016] INFO Starting the log cleaner (kafka.log.LogCleaner)
[2022-11-16 11:58:27,089] INFO [kafka-log-cleaner-thread-0]: Starting (kafka.log.LogCleaner)
[2022-11-16 12:01:04,043] INFO Starting the log cleaner (kafka.log.LogCleaner)
[2022-11-16 12:01:04,156] INFO [kafka-log-cleaner-thread-0]: Starting (kafka.log.LogCleaner)
[2022-11-16 12:11:21,505] INFO Starting the log cleaner (kafka.log.LogCleaner)
[2022-11-16 12:11:21,624] INFO [kafka-log-cleaner-thread-0]: Starting (kafka.log.LogCleaner)
[2022-11-18 12:31:21,047] INFO Starting the log cleaner (kafka.log.LogCleaner)
[2022-11-18 12:31:21,235] INFO [kafka-log-cleaner-thread-0]: Starting (kafka.log.LogCleaner)
[2022-11-20 21:22:06,630] INFO Starting the log cleaner (kafka.log.LogCleaner)
[2022-11-20 21:22:06,784] INFO [kafka-log-cleaner-thread-0]: Starting (kafka.log.LogCleaner)
[2022-11-22 22:19:46,747] INFO Starting the log cleaner (kafka.log.LogCleaner)
[2022-11-22 22:19:46,912] INFO [kafka-log-cleaner-thread-0]: Starting (kafka.log.LogCleaner)
[2022-11-23 16:41:58,014] INFO Starting the log cleaner (kafka.log.LogCleaner)
[2022-11-23 16:41:58,242] INFO [kafka-log-cleaner-thread-0]: Starting (kafka.log.LogCleaner)
[2022-11-23 16:42:28,794] INFO Cleaner 0: Beginning cleaning of log __consumer_offsets-24 (kafka.log.LogCleaner)
[2022-11-23 16:42:28,802] INFO Cleaner 0: Building offset map for __consumer_offsets-24... (kafka.log.LogCleaner)
[2022-11-23 16:42:29,487] INFO Cleaner 0: Building offset map for log __consumer_offsets-24 for 1 segments in offset range [0, 3143). (kafka.log.LogCleaner)
[2022-11-23 16:42:30,224] INFO Cleaner 0: Offset map for log __consumer_offsets-24 complete. (kafka.log.LogCleaner)
[2022-11-23 16:42:30,301] INFO Cleaner 0: Cleaning log __consumer_offsets-24 (cleaning prior to Tue Nov 22 23:11:27 GMT+01:00 2022, discarding tombstones prior to upper bound deletion horizon Thu Jan 01 01:00:00 GMT+01:00 1970)... (kafka.log.LogCleaner)
[2022-11-23 16:45:19,097] INFO Starting the log cleaner (kafka.log.LogCleaner)
[2022-11-23 16:45:19,186] INFO [kafka-log-cleaner-thread-0]: Starting (kafka.log.LogCleaner)
[2022-11-23 16:45:34,354] INFO Cleaner 0: Beginning cleaning of log __consumer_offsets-24 (kafka.log.LogCleaner)
[2022-11-23 16:45:34,354] INFO Cleaner 0: Building offset map for __consumer_offsets-24... (kafka.log.LogCleaner)
[2022-11-23 16:45:34,378] INFO Cleaner 0: Building offset map for log __consumer_offsets-24 for 1 segments in offset range [0, 3143). (kafka.log.LogCleaner)
[2022-11-23 16:45:34,543] INFO Cleaner 0: Offset map for log __consumer_offsets-24 complete. (kafka.log.LogCleaner)
[2022-11-23 16:45:34,545] INFO Cleaner 0: Cleaning log __consumer_offsets-24 (cleaning prior to Tue Nov 22 23:11:27 GMT+01:00 2022, discarding tombstones prior to upper bound deletion horizon Thu Jan 01 01:00:00 GMT+01:00 1970)... (kafka.log.LogCleaner)
[2022-11-23 16:45:34,630] INFO Cleaner 0: Cleaning LogSegment(baseOffset=0, size=405088, lastModifiedTime=1669155087823, largestRecordTimestamp=Some(1669155087817)) in log __consumer_offsets-24 into 0 with an upper bound deletion horizon 0 computed from the segment last modified time of 1669155087823,retaining deletes. (kafka.log.LogCleaner)
[2022-11-23 16:45:35,086] INFO Cleaner 0: Swapping in cleaned segment LogSegment(baseOffset=0, size=453, lastModifiedTime=1669155087823, largestRecordTimestamp=Some(1669155087817)) for segment(s) List(LogSegment(baseOffset=0, size=405088, lastModifiedTime=1669155087823, largestRecordTimestamp=Some(1669155087817))) in log Log(dir=C:\serverdata\__consumer_offsets-24, topicId=rhOsabFEQh-IWsnJm5Clxw, topic=__consumer_offsets, partition=24, highWatermark=3144, lastStableOffset=3144, logStartOffset=0, logEndOffset=3144) (kafka.log.LogCleaner)
[2022-11-23 16:45:35,206] INFO Cleaner 0: Beginning cleaning of log __consumer_offsets-24 (kafka.log.LogCleaner)
[2022-11-23 16:45:35,206] INFO Cleaner 0: Building offset map for __consumer_offsets-24... (kafka.log.LogCleaner)
[2022-11-23 16:47:22,933] INFO Starting the log cleaner (kafka.log.LogCleaner)
[2022-11-23 16:47:23,011] INFO [kafka-log-cleaner-thread-0]: Starting (kafka.log.LogCleaner)
[2022-11-23 16:47:38,117] INFO Cleaner 0: Beginning cleaning of log __consumer_offsets-24 (kafka.log.LogCleaner)
[2022-11-23 16:47:38,118] INFO Cleaner 0: Building offset map for __consumer_offsets-24... (kafka.log.LogCleaner)
[2022-11-23 16:47:38,153] INFO Cleaner 0: Building offset map for log __consumer_offsets-24 for 1 segments in offset range [0, 3143). (kafka.log.LogCleaner)
[2022-11-23 16:47:38,325] INFO Cleaner 0: Offset map for log __consumer_offsets-24 complete. (kafka.log.LogCleaner)
[2022-11-23 16:47:38,328] INFO Cleaner 0: Cleaning log __consumer_offsets-24 (cleaning prior to Tue Nov 22 23:11:27 GMT+01:00 2022, discarding tombstones prior to upper bound deletion horizon Thu Jan 01 01:00:00 GMT+01:00 1970)... (kafka.log.LogCleaner)
[2022-11-23 16:47:38,381] INFO Cleaner 0: Cleaning LogSegment(baseOffset=0, size=405088, lastModifiedTime=1669155087823, largestRecordTimestamp=Some(1669155087817)) in log __consumer_offsets-24 into 0 with an upper bound deletion horizon 0 computed from the segment last modified time of 1669155087823,retaining deletes. (kafka.log.LogCleaner)
[2022-11-23 16:47:38,588] INFO Cleaner 0: Swapping in cleaned segment LogSegment(baseOffset=0, size=453, lastModifiedTime=1669155087823, largestRecordTimestamp=Some(1669155087817)) for segment(s) List(LogSegment(baseOffset=0, size=405088, lastModifiedTime=1669155087823, largestRecordTimestamp=Some(1669155087817))) in log Log(dir=C:\serverdata\__consumer_offsets-24, topicId=rhOsabFEQh-IWsnJm5Clxw, topic=__consumer_offsets, partition=24, highWatermark=3144, lastStableOffset=3144, logStartOffset=0, logEndOffset=3144) (kafka.log.LogCleaner)
[2022-11-23 16:47:38,766] INFO Cleaner 0: Beginning cleaning of log __consumer_offsets-24 (kafka.log.LogCleaner)
[2022-11-23 16:47:38,766] INFO Cleaner 0: Building offset map for __consumer_offsets-24... (kafka.log.LogCleaner)
[2022-11-23 16:47:38,794] INFO Cleaner 0: Building offset map for log __consumer_offsets-24 for 1 segments in offset range [0, 3143). (kafka.log.LogCleaner)
[2022-11-23 16:47:38,846] INFO Cleaner 0: Offset map for log __consumer_offsets-24 complete. (kafka.log.LogCleaner)
[2022-11-23 16:47:38,847] INFO Cleaner 0: Cleaning log __consumer_offsets-24 (cleaning prior to Tue Nov 22 23:11:27 GMT+01:00 2022, discarding tombstones prior to upper bound deletion horizon Thu Jan 01 01:00:00 GMT+01:00 1970)... (kafka.log.LogCleaner)
[2022-11-23 16:50:19,794] INFO Starting the log cleaner (kafka.log.LogCleaner)
[2022-11-23 16:50:19,876] INFO [kafka-log-cleaner-thread-0]: Starting (kafka.log.LogCleaner)
[2022-11-23 16:50:20,675] INFO Shutting down the log cleaner. (kafka.log.LogCleaner)
[2022-11-23 16:50:20,677] INFO [kafka-log-cleaner-thread-0]: Shutting down (kafka.log.LogCleaner)
[2022-11-23 16:50:20,681] INFO [kafka-log-cleaner-thread-0]: Stopped (kafka.log.LogCleaner)
[2022-11-23 16:50:20,681] INFO [kafka-log-cleaner-thread-0]: Shutdown completed (kafka.log.LogCleaner)
[2022-11-23 16:50:34,348] INFO Starting the log cleaner (kafka.log.LogCleaner)
[2022-11-23 16:50:34,430] INFO [kafka-log-cleaner-thread-0]: Starting (kafka.log.LogCleaner)
[2022-11-23 16:50:49,483] INFO Cleaner 0: Beginning cleaning of log __consumer_offsets-24 (kafka.log.LogCleaner)
[2022-11-23 16:50:49,484] INFO Cleaner 0: Building offset map for __consumer_offsets-24... (kafka.log.LogCleaner)
[2022-11-23 16:50:49,506] INFO Cleaner 0: Building offset map for log __consumer_offsets-24 for 1 segments in offset range [0, 3143). (kafka.log.LogCleaner)
[2022-11-23 16:50:49,554] INFO Cleaner 0: Offset map for log __consumer_offsets-24 complete. (kafka.log.LogCleaner)
[2022-11-23 16:50:49,556] INFO Cleaner 0: Cleaning log __consumer_offsets-24 (cleaning prior to Tue Nov 22 23:11:27 GMT+01:00 2022, discarding tombstones prior to upper bound deletion horizon Thu Jan 01 01:00:00 GMT+01:00 1970)... (kafka.log.LogCleaner)
[2022-11-23 16:50:49,563] INFO Cleaner 0: Cleaning LogSegment(baseOffset=0, size=405088, lastModifiedTime=1669155087823, largestRecordTimestamp=Some(1669155087817)) in log __consumer_offsets-24 into 0 with an upper bound deletion horizon 0 computed from the segment last modified time of 1669155087823,retaining deletes. (kafka.log.LogCleaner)
[2022-11-23 16:50:49,712] INFO Cleaner 0: Swapping in cleaned segment LogSegment(baseOffset=0, size=453, lastModifiedTime=1669155087823, largestRecordTimestamp=Some(1669155087817)) for segment(s) List(LogSegment(baseOffset=0, size=405088, lastModifiedTime=1669155087823, largestRecordTimestamp=Some(1669155087817))) in log Log(dir=C:\serverdata\__consumer_offsets-24, topicId=rhOsabFEQh-IWsnJm5Clxw, topic=__consumer_offsets, partition=24, highWatermark=3144, lastStableOffset=3144, logStartOffset=0, logEndOffset=3144) (kafka.log.LogCleaner)
[2022-11-23 16:50:49,780] INFO Cleaner 0: Beginning cleaning of log __consumer_offsets-24 (kafka.log.LogCleaner)
[2022-11-23 16:50:49,780] INFO Cleaner 0: Building offset map for __consumer_offsets-24... (kafka.log.LogCleaner)
[2022-11-23 16:50:49,832] INFO Cleaner 0: Building offset map for log __consumer_offsets-24 for 1 segments in offset range [0, 3143). (kafka.log.LogCleaner)
[2022-11-23 16:50:49,842] INFO Cleaner 0: Offset map for log __consumer_offsets-24 complete. (kafka.log.LogCleaner)
[2022-11-23 16:50:49,842] INFO Cleaner 0: Cleaning log __consumer_offsets-24 (cleaning prior to Tue Nov 22 23:11:27 GMT+01:00 2022, discarding tombstones prior to upper bound deletion horizon Thu Jan 01 01:00:00 GMT+01:00 1970)... (kafka.log.LogCleaner)
[2022-11-23 16:52:29,820] INFO Starting the log cleaner (kafka.log.LogCleaner)
[2022-11-23 16:52:29,893] INFO [kafka-log-cleaner-thread-0]: Starting (kafka.log.LogCleaner)
[2022-11-23 16:52:44,964] INFO Cleaner 0: Beginning cleaning of log __consumer_offsets-24 (kafka.log.LogCleaner)
[2022-11-23 16:52:44,965] INFO Cleaner 0: Building offset map for __consumer_offsets-24... (kafka.log.LogCleaner)
[2022-11-23 16:52:45,004] INFO Cleaner 0: Building offset map for log __consumer_offsets-24 for 1 segments in offset range [0, 3143). (kafka.log.LogCleaner)
[2022-11-23 16:52:45,055] INFO Cleaner 0: Offset map for log __consumer_offsets-24 complete. (kafka.log.LogCleaner)
[2022-11-23 16:52:45,057] INFO Cleaner 0: Cleaning log __consumer_offsets-24 (cleaning prior to Tue Nov 22 23:11:27 GMT+01:00 2022, discarding tombstones prior to upper bound deletion horizon Thu Jan 01 01:00:00 GMT+01:00 1970)... (kafka.log.LogCleaner)
[2022-11-23 16:52:45,064] INFO Cleaner 0: Cleaning LogSegment(baseOffset=0, size=405088, lastModifiedTime=1669155087823, largestRecordTimestamp=Some(1669155087817)) in log __consumer_offsets-24 into 0 with an upper bound deletion horizon 0 computed from the segment last modified time of 1669155087823,retaining deletes. (kafka.log.LogCleaner)
[2022-11-23 16:52:45,321] INFO Cleaner 0: Swapping in cleaned segment LogSegment(baseOffset=0, size=453, lastModifiedTime=1669155087823, largestRecordTimestamp=Some(1669155087817)) for segment(s) List(LogSegment(baseOffset=0, size=405088, lastModifiedTime=1669155087823, largestRecordTimestamp=Some(1669155087817))) in log Log(dir=C:\serverdata\__consumer_offsets-24, topicId=rhOsabFEQh-IWsnJm5Clxw, topic=__consumer_offsets, partition=24, highWatermark=3144, lastStableOffset=3144, logStartOffset=0, logEndOffset=3144) (kafka.log.LogCleaner)
[2022-11-23 16:52:45,391] INFO Cleaner 0: Beginning cleaning of log __consumer_offsets-24 (kafka.log.LogCleaner)
[2022-11-23 16:52:45,391] INFO Cleaner 0: Building offset map for __consumer_offsets-24... (kafka.log.LogCleaner)
[2022-11-23 16:52:45,452] INFO Cleaner 0: Building offset map for log __consumer_offsets-24 for 1 segments in offset range [0, 3143). (kafka.log.LogCleaner)
[2022-11-23 16:54:14,174] INFO Starting the log cleaner (kafka.log.LogCleaner)
[2022-11-23 16:54:14,265] INFO [kafka-log-cleaner-thread-0]: Starting (kafka.log.LogCleaner)
[2022-11-23 16:54:29,351] INFO Cleaner 0: Beginning cleaning of log __consumer_offsets-24 (kafka.log.LogCleaner)
[2022-11-23 16:54:29,353] INFO Cleaner 0: Building offset map for __consumer_offsets-24... (kafka.log.LogCleaner)
[2022-11-23 16:54:29,380] INFO Cleaner 0: Building offset map for log __consumer_offsets-24 for 1 segments in offset range [0, 3143). (kafka.log.LogCleaner)
[2022-11-23 16:54:29,434] INFO Cleaner 0: Offset map for log __consumer_offsets-24 complete. (kafka.log.LogCleaner)
[2022-11-23 16:54:29,436] INFO Cleaner 0: Cleaning log __consumer_offsets-24 (cleaning prior to Tue Nov 22 23:11:27 GMT+01:00 2022, discarding tombstones prior to upper bound deletion horizon Thu Jan 01 01:00:00 GMT+01:00 1970)... (kafka.log.LogCleaner)
[2022-11-23 16:54:29,448] INFO Cleaner 0: Cleaning LogSegment(baseOffset=0, size=405088, lastModifiedTime=1669155087823, largestRecordTimestamp=Some(1669155087817)) in log __consumer_offsets-24 into 0 with an upper bound deletion horizon 0 computed from the segment last modified time of 1669155087823,retaining deletes. (kafka.log.LogCleaner)
[2022-11-23 16:54:29,572] INFO Cleaner 0: Swapping in cleaned segment LogSegment(baseOffset=0, size=453, lastModifiedTime=1669155087823, largestRecordTimestamp=Some(1669155087817)) for segment(s) List(LogSegment(baseOffset=0, size=405088, lastModifiedTime=1669155087823, largestRecordTimestamp=Some(1669155087817))) in log Log(dir=C:\serverdata\__consumer_offsets-24, topicId=rhOsabFEQh-IWsnJm5Clxw, topic=__consumer_offsets, partition=24, highWatermark=3144, lastStableOffset=3144, logStartOffset=0, logEndOffset=3144) (kafka.log.LogCleaner)
[2022-11-23 16:54:29,641] INFO Cleaner 0: Beginning cleaning of log __consumer_offsets-24 (kafka.log.LogCleaner)
[2022-11-23 16:54:29,641] INFO Cleaner 0: Building offset map for __consumer_offsets-24... (kafka.log.LogCleaner)
[2022-11-23 16:54:29,662] INFO Cleaner 0: Building offset map for log __consumer_offsets-24 for 1 segments in offset range [0, 3143). (kafka.log.LogCleaner)
[2022-11-23 16:54:29,693] INFO Cleaner 0: Offset map for log __consumer_offsets-24 complete. (kafka.log.LogCleaner)
[2022-11-23 16:54:29,693] INFO Cleaner 0: Cleaning log __consumer_offsets-24 (cleaning prior to Tue Nov 22 23:11:27 GMT+01:00 2022, discarding tombstones prior to upper bound deletion horizon Thu Jan 01 01:00:00 GMT+01:00 1970)... (kafka.log.LogCleaner)
[2022-11-23 16:55:50,209] INFO Starting the log cleaner (kafka.log.LogCleaner)
[2022-11-23 16:55:50,293] INFO [kafka-log-cleaner-thread-0]: Starting (kafka.log.LogCleaner)
[2022-11-23 16:57:12,436] INFO Starting the log cleaner (kafka.log.LogCleaner)
[2022-11-23 16:57:12,508] INFO [kafka-log-cleaner-thread-0]: Starting (kafka.log.LogCleaner)
