[2022-11-23 21:14:06,851] INFO Expiring session 0x100002e15290003, timeout of 18000ms exceeded (org.apache.zookeeper.server.ZooKeeperServer)
[2022-11-23 21:14:06,903] INFO [GroupCoordinator 0]: Member consumer-2-45655019-e036-42c8-88c9-7cb6608703b7 in group foo has failed, removing it from the group (kafka.coordinator.group.GroupCoordinator)
[2022-11-23 21:14:07,997] WARN Session 0x100002e15290003 for sever localhost/0:0:0:0:0:0:0:1:2181, Closing socket connection. Attempting reconnect except it is a SessionExpiredException. (org.apache.zookeeper.ClientCnxn)
EndOfStreamException: Unable to read additional data from server sessionid 0x100002e15290003, likely server has closed socket
	at org.apache.zookeeper.ClientCnxnSocketNIO.doIO(ClientCnxnSocketNIO.java:77)
	at org.apache.zookeeper.ClientCnxnSocketNIO.doTransport(ClientCnxnSocketNIO.java:350)
	at org.apache.zookeeper.ClientCnxn$SendThread.run(ClientCnxn.java:1290)
[2022-11-23 21:14:06,904] WARN Attempting to send response via channel for which there is no open connection, connection id 127.0.0.1:9094-127.0.0.1:55291-23 (kafka.network.Processor)
[2022-11-23 21:14:10,061] INFO [GroupCoordinator 0]: Preparing to rebalance group foo in state PreparingRebalance with old generation 21 (__consumer_offsets-24) (reason: removing member consumer-2-45655019-e036-42c8-88c9-7cb6608703b7 on heartbeat expiration) (kafka.coordinator.group.GroupCoordinator)
[2022-11-23 21:14:11,196] INFO [GroupCoordinator 0]: Group foo with generation 22 is now empty (__consumer_offsets-24) (kafka.coordinator.group.GroupCoordinator)
[2022-11-23 21:14:11,226] INFO [GroupCoordinator 0]: Dynamic Member with unknown member id joins group foo in Empty state. Created a new member id consumer-2-86470886-edc1-4e6f-9b31-97ebc066e4ce for this member and add to the group. (kafka.coordinator.group.GroupCoordinator)
[2022-11-23 21:14:11,268] INFO [GroupCoordinator 0]: Preparing to rebalance group foo in state PreparingRebalance with old generation 22 (__consumer_offsets-24) (reason: Adding new member consumer-2-86470886-edc1-4e6f-9b31-97ebc066e4ce with group instance id None; client reason: not provided) (kafka.coordinator.group.GroupCoordinator)
[2022-11-23 21:14:11,304] INFO [GroupCoordinator 0]: Stabilized group foo generation 23 (__consumer_offsets-24) with 1 members (kafka.coordinator.group.GroupCoordinator)
[2022-11-23 21:14:11,314] INFO [GroupCoordinator 0]: Assignment received from leader consumer-2-86470886-edc1-4e6f-9b31-97ebc066e4ce for group foo for generation 23. The group has 1 members, 0 of which are static. (kafka.coordinator.group.GroupCoordinator)
[2022-11-23 21:14:12,352] WARN fsync-ing the write ahead log in SyncThread:0 took 2293ms which will adversely effect operation latency.File size is 67108880 bytes. See the ZooKeeper troubleshooting guide (org.apache.zookeeper.server.persistence.FileTxnLog)
[2022-11-23 21:14:13,169] INFO Opening socket connection to server localhost/0:0:0:0:0:0:0:1:2181. (org.apache.zookeeper.ClientCnxn)
[2022-11-23 21:14:13,262] INFO Socket connection established, initiating session, client: /0:0:0:0:0:0:0:1:49343, server: localhost/0:0:0:0:0:0:0:1:2181 (org.apache.zookeeper.ClientCnxn)
[2022-11-23 21:14:13,379] INFO Invalid session 0x100002e15290003 for client /0:0:0:0:0:0:0:1:49343, probably expired (org.apache.zookeeper.server.ZooKeeperServer)
[2022-11-23 21:14:13,558] WARN Unable to reconnect to ZooKeeper service, session 0x100002e15290003 has expired (org.apache.zookeeper.ClientCnxn)
[2022-11-23 21:14:13,615] WARN Session 0x100002e15290003 for sever localhost/0:0:0:0:0:0:0:1:2181, Closing socket connection. Attempting reconnect except it is a SessionExpiredException. (org.apache.zookeeper.ClientCnxn)
org.apache.zookeeper.ClientCnxn$SessionExpiredException: Unable to reconnect to ZooKeeper service, session 0x100002e15290003 has expired
	at org.apache.zookeeper.ClientCnxn$SendThread.onConnected(ClientCnxn.java:1434)
	at org.apache.zookeeper.ClientCnxnSocket.readConnectResult(ClientCnxnSocket.java:154)
	at org.apache.zookeeper.ClientCnxnSocketNIO.doIO(ClientCnxnSocketNIO.java:86)
	at org.apache.zookeeper.ClientCnxnSocketNIO.doTransport(ClientCnxnSocketNIO.java:350)
	at org.apache.zookeeper.ClientCnxn$SendThread.run(ClientCnxn.java:1290)
[2022-11-23 21:14:13,558] INFO [ZooKeeperClient Kafka server] Session expired. (kafka.zookeeper.ZooKeeperClient)
[2022-11-23 21:14:13,558] INFO EventThread shut down for session: 0x100002e15290003 (org.apache.zookeeper.ClientCnxn)
[2022-11-23 21:14:13,749] INFO [ZooKeeperClient Kafka server] Initializing a new session to localhost:2181. (kafka.zookeeper.ZooKeeperClient)
[2022-11-23 21:14:13,809] INFO Initiating client connection, connectString=localhost:2181 sessionTimeout=18000 watcher=kafka.zookeeper.ZooKeeperClient$ZooKeeperClientWatcher$@443118b0 (org.apache.zookeeper.ZooKeeper)
[2022-11-23 21:14:13,872] INFO jute.maxbuffer value is 4194304 Bytes (org.apache.zookeeper.ClientCnxnSocket)
[2022-11-23 21:14:13,943] INFO zookeeper.request.timeout value is 0. feature enabled=false (org.apache.zookeeper.ClientCnxn)
[2022-11-23 21:14:14,250] INFO Opening socket connection to server localhost/127.0.0.1:2181. (org.apache.zookeeper.ClientCnxn)
[2022-11-23 21:14:14,281] INFO Creating /brokers/ids/0 (is it secure? false) (kafka.zk.KafkaZkClient)
[2022-11-23 21:14:14,293] INFO Socket connection established, initiating session, client: /127.0.0.1:49346, server: localhost/127.0.0.1:2181 (org.apache.zookeeper.ClientCnxn)
[2022-11-23 21:14:15,497] WARN fsync-ing the write ahead log in SyncThread:0 took 1192ms which will adversely effect operation latency.File size is 67108880 bytes. See the ZooKeeper troubleshooting guide (org.apache.zookeeper.server.persistence.FileTxnLog)
[2022-11-23 21:14:15,576] INFO Session establishment complete on server localhost/127.0.0.1:2181, session id = 0x100002e15290004, negotiated timeout = 18000 (org.apache.zookeeper.ClientCnxn)
[2022-11-23 21:14:15,607] INFO Updated cache from existing FinalizedFeaturesAndEpoch(features=Features{}, epoch=0) to latest FinalizedFeaturesAndEpoch(features=Features{}, epoch=0). (kafka.server.FinalizedFeatureCache)
[2022-11-23 21:14:16,531] INFO Stat of the created znode at /brokers/ids/0 is: 506,506,1669234455604,1669234455604,1,0,0,72057791961432068,202,0,506
 (kafka.zk.KafkaZkClient)
[2022-11-23 21:14:16,579] INFO Registered broker 0 at path /brokers/ids/0 with addresses: PLAINTEXT://localhost:9094, czxid (broker epoch): 506 (kafka.zk.KafkaZkClient)
[2022-11-23 21:38:09,468] INFO [GroupCoordinator 0]: Preparing to rebalance group foo in state PreparingRebalance with old generation 23 (__consumer_offsets-24) (reason: Removing member consumer-2-86470886-edc1-4e6f-9b31-97ebc066e4ce on LeaveGroup; client reason: not provided) (kafka.coordinator.group.GroupCoordinator)
[2022-11-23 21:38:09,468] INFO [GroupCoordinator 0]: Group foo with generation 24 is now empty (__consumer_offsets-24) (kafka.coordinator.group.GroupCoordinator)
[2022-11-23 21:38:09,469] INFO [GroupCoordinator 0]: Member MemberMetadata(memberId=consumer-2-86470886-edc1-4e6f-9b31-97ebc066e4ce, groupInstanceId=None, clientId=consumer-2, clientHost=/127.0.0.1, sessionTimeoutMs=10000, rebalanceTimeoutMs=300000, supportedProtocols=List(range)) has left group foo through explicit `LeaveGroup`; client reason: not provided (kafka.coordinator.group.GroupCoordinator)
[2022-11-23 21:38:29,316] INFO [GroupCoordinator 0]: Dynamic Member with unknown member id joins group foo in Empty state. Created a new member id consumer-2-3005c031-a9a6-4fc9-9001-e3ba7c6db5fd for this member and add to the group. (kafka.coordinator.group.GroupCoordinator)
[2022-11-23 21:38:29,316] INFO [GroupCoordinator 0]: Preparing to rebalance group foo in state PreparingRebalance with old generation 24 (__consumer_offsets-24) (reason: Adding new member consumer-2-3005c031-a9a6-4fc9-9001-e3ba7c6db5fd with group instance id None; client reason: not provided) (kafka.coordinator.group.GroupCoordinator)
[2022-11-23 21:38:29,390] INFO [GroupCoordinator 0]: Stabilized group foo generation 25 (__consumer_offsets-24) with 1 members (kafka.coordinator.group.GroupCoordinator)
[2022-11-23 21:38:29,398] INFO [GroupCoordinator 0]: Assignment received from leader consumer-2-3005c031-a9a6-4fc9-9001-e3ba7c6db5fd for group foo for generation 25. The group has 1 members, 0 of which are static. (kafka.coordinator.group.GroupCoordinator)
[2022-11-23 21:50:53,265] INFO [GroupCoordinator 0]: Preparing to rebalance group foo in state PreparingRebalance with old generation 25 (__consumer_offsets-24) (reason: Removing member consumer-2-3005c031-a9a6-4fc9-9001-e3ba7c6db5fd on LeaveGroup; client reason: not provided) (kafka.coordinator.group.GroupCoordinator)
[2022-11-23 21:50:53,265] INFO [GroupCoordinator 0]: Group foo with generation 26 is now empty (__consumer_offsets-24) (kafka.coordinator.group.GroupCoordinator)
[2022-11-23 21:50:53,266] INFO [GroupCoordinator 0]: Member MemberMetadata(memberId=consumer-2-3005c031-a9a6-4fc9-9001-e3ba7c6db5fd, groupInstanceId=None, clientId=consumer-2, clientHost=/127.0.0.1, sessionTimeoutMs=10000, rebalanceTimeoutMs=300000, supportedProtocols=List(range)) has left group foo through explicit `LeaveGroup`; client reason: not provided (kafka.coordinator.group.GroupCoordinator)
[2022-11-23 21:51:08,338] INFO [GroupCoordinator 0]: Dynamic Member with unknown member id joins group foo in Empty state. Created a new member id consumer-2-60640d23-3485-4388-8a21-c9bd0e085d74 for this member and add to the group. (kafka.coordinator.group.GroupCoordinator)
[2022-11-23 21:51:08,338] INFO [GroupCoordinator 0]: Preparing to rebalance group foo in state PreparingRebalance with old generation 26 (__consumer_offsets-24) (reason: Adding new member consumer-2-60640d23-3485-4388-8a21-c9bd0e085d74 with group instance id None; client reason: not provided) (kafka.coordinator.group.GroupCoordinator)
[2022-11-23 21:51:08,497] INFO [GroupCoordinator 0]: Stabilized group foo generation 27 (__consumer_offsets-24) with 1 members (kafka.coordinator.group.GroupCoordinator)
[2022-11-23 21:51:08,504] INFO [GroupCoordinator 0]: Assignment received from leader consumer-2-60640d23-3485-4388-8a21-c9bd0e085d74 for group foo for generation 27. The group has 1 members, 0 of which are static. (kafka.coordinator.group.GroupCoordinator)
[2022-11-23 22:14:07,952] INFO [GroupCoordinator 0]: Preparing to rebalance group foo in state PreparingRebalance with old generation 27 (__consumer_offsets-24) (reason: Removing member consumer-2-60640d23-3485-4388-8a21-c9bd0e085d74 on LeaveGroup; client reason: not provided) (kafka.coordinator.group.GroupCoordinator)
[2022-11-23 22:14:07,954] INFO [GroupCoordinator 0]: Group foo with generation 28 is now empty (__consumer_offsets-24) (kafka.coordinator.group.GroupCoordinator)
[2022-11-23 22:14:07,955] INFO [GroupCoordinator 0]: Member MemberMetadata(memberId=consumer-2-60640d23-3485-4388-8a21-c9bd0e085d74, groupInstanceId=None, clientId=consumer-2, clientHost=/127.0.0.1, sessionTimeoutMs=10000, rebalanceTimeoutMs=300000, supportedProtocols=List(range)) has left group foo through explicit `LeaveGroup`; client reason: not provided (kafka.coordinator.group.GroupCoordinator)
[2022-11-23 22:14:27,083] INFO [GroupCoordinator 0]: Dynamic Member with unknown member id joins group foo in Empty state. Created a new member id consumer-2-d97b67fe-3aea-400b-8e3a-8e45d0d37415 for this member and add to the group. (kafka.coordinator.group.GroupCoordinator)
[2022-11-23 22:14:27,084] INFO [GroupCoordinator 0]: Preparing to rebalance group foo in state PreparingRebalance with old generation 28 (__consumer_offsets-24) (reason: Adding new member consumer-2-d97b67fe-3aea-400b-8e3a-8e45d0d37415 with group instance id None; client reason: not provided) (kafka.coordinator.group.GroupCoordinator)
[2022-11-23 22:14:27,085] INFO [GroupCoordinator 0]: Stabilized group foo generation 29 (__consumer_offsets-24) with 1 members (kafka.coordinator.group.GroupCoordinator)
[2022-11-23 22:14:27,091] INFO [GroupCoordinator 0]: Assignment received from leader consumer-2-d97b67fe-3aea-400b-8e3a-8e45d0d37415 for group foo for generation 29. The group has 1 members, 0 of which are static. (kafka.coordinator.group.GroupCoordinator)
[2022-11-23 22:38:28,130] INFO [GroupCoordinator 0]: Preparing to rebalance group foo in state PreparingRebalance with old generation 29 (__consumer_offsets-24) (reason: Removing member consumer-2-d97b67fe-3aea-400b-8e3a-8e45d0d37415 on LeaveGroup; client reason: not provided) (kafka.coordinator.group.GroupCoordinator)
[2022-11-23 22:38:28,130] INFO [GroupCoordinator 0]: Group foo with generation 30 is now empty (__consumer_offsets-24) (kafka.coordinator.group.GroupCoordinator)
[2022-11-23 22:38:28,131] INFO [GroupCoordinator 0]: Member MemberMetadata(memberId=consumer-2-d97b67fe-3aea-400b-8e3a-8e45d0d37415, groupInstanceId=None, clientId=consumer-2, clientHost=/127.0.0.1, sessionTimeoutMs=10000, rebalanceTimeoutMs=300000, supportedProtocols=List(range)) has left group foo through explicit `LeaveGroup`; client reason: not provided (kafka.coordinator.group.GroupCoordinator)
[2022-11-23 22:38:41,190] INFO [GroupCoordinator 0]: Dynamic Member with unknown member id joins group foo in Empty state. Created a new member id consumer-2-98920037-96c7-4acd-9d0a-8b45cb005a3c for this member and add to the group. (kafka.coordinator.group.GroupCoordinator)
[2022-11-23 22:38:41,191] INFO [GroupCoordinator 0]: Preparing to rebalance group foo in state PreparingRebalance with old generation 30 (__consumer_offsets-24) (reason: Adding new member consumer-2-98920037-96c7-4acd-9d0a-8b45cb005a3c with group instance id None; client reason: not provided) (kafka.coordinator.group.GroupCoordinator)
[2022-11-23 22:38:41,271] INFO [GroupCoordinator 0]: Stabilized group foo generation 31 (__consumer_offsets-24) with 1 members (kafka.coordinator.group.GroupCoordinator)
[2022-11-23 22:38:41,275] INFO [GroupCoordinator 0]: Assignment received from leader consumer-2-98920037-96c7-4acd-9d0a-8b45cb005a3c for group foo for generation 31. The group has 1 members, 0 of which are static. (kafka.coordinator.group.GroupCoordinator)
[2022-11-23 22:39:36,533] INFO [GroupCoordinator 0]: Preparing to rebalance group foo in state PreparingRebalance with old generation 31 (__consumer_offsets-24) (reason: Removing member consumer-2-98920037-96c7-4acd-9d0a-8b45cb005a3c on LeaveGroup; client reason: not provided) (kafka.coordinator.group.GroupCoordinator)
[2022-11-23 22:39:36,534] INFO [GroupCoordinator 0]: Group foo with generation 32 is now empty (__consumer_offsets-24) (kafka.coordinator.group.GroupCoordinator)
[2022-11-23 22:39:36,535] INFO [GroupCoordinator 0]: Member MemberMetadata(memberId=consumer-2-98920037-96c7-4acd-9d0a-8b45cb005a3c, groupInstanceId=None, clientId=consumer-2, clientHost=/127.0.0.1, sessionTimeoutMs=10000, rebalanceTimeoutMs=300000, supportedProtocols=List(range)) has left group foo through explicit `LeaveGroup`; client reason: not provided (kafka.coordinator.group.GroupCoordinator)
[2022-11-23 22:39:51,011] INFO [GroupCoordinator 0]: Dynamic Member with unknown member id joins group foo in Empty state. Created a new member id consumer-2-64b7cf14-4e4c-4e2a-a807-8c6fe2ba8e72 for this member and add to the group. (kafka.coordinator.group.GroupCoordinator)
[2022-11-23 22:39:51,012] INFO [GroupCoordinator 0]: Preparing to rebalance group foo in state PreparingRebalance with old generation 32 (__consumer_offsets-24) (reason: Adding new member consumer-2-64b7cf14-4e4c-4e2a-a807-8c6fe2ba8e72 with group instance id None; client reason: not provided) (kafka.coordinator.group.GroupCoordinator)
[2022-11-23 22:39:51,014] INFO [GroupCoordinator 0]: Stabilized group foo generation 33 (__consumer_offsets-24) with 1 members (kafka.coordinator.group.GroupCoordinator)
[2022-11-23 22:39:51,019] INFO [GroupCoordinator 0]: Assignment received from leader consumer-2-64b7cf14-4e4c-4e2a-a807-8c6fe2ba8e72 for group foo for generation 33. The group has 1 members, 0 of which are static. (kafka.coordinator.group.GroupCoordinator)
[2022-11-23 22:44:54,935] INFO [GroupCoordinator 0]: Preparing to rebalance group foo in state PreparingRebalance with old generation 33 (__consumer_offsets-24) (reason: Removing member consumer-2-64b7cf14-4e4c-4e2a-a807-8c6fe2ba8e72 on LeaveGroup; client reason: not provided) (kafka.coordinator.group.GroupCoordinator)
[2022-11-23 22:44:54,936] INFO [GroupCoordinator 0]: Group foo with generation 34 is now empty (__consumer_offsets-24) (kafka.coordinator.group.GroupCoordinator)
[2022-11-23 22:44:54,937] INFO [GroupCoordinator 0]: Member MemberMetadata(memberId=consumer-2-64b7cf14-4e4c-4e2a-a807-8c6fe2ba8e72, groupInstanceId=None, clientId=consumer-2, clientHost=/127.0.0.1, sessionTimeoutMs=10000, rebalanceTimeoutMs=300000, supportedProtocols=List(range)) has left group foo through explicit `LeaveGroup`; client reason: not provided (kafka.coordinator.group.GroupCoordinator)
[2022-11-23 22:45:08,752] INFO [GroupCoordinator 0]: Dynamic Member with unknown member id joins group foo in Empty state. Created a new member id consumer-2-8e9a8dea-bdf6-42bc-b612-cfaddc7c4bb2 for this member and add to the group. (kafka.coordinator.group.GroupCoordinator)
[2022-11-23 22:45:08,752] INFO [GroupCoordinator 0]: Preparing to rebalance group foo in state PreparingRebalance with old generation 34 (__consumer_offsets-24) (reason: Adding new member consumer-2-8e9a8dea-bdf6-42bc-b612-cfaddc7c4bb2 with group instance id None; client reason: not provided) (kafka.coordinator.group.GroupCoordinator)
[2022-11-23 22:45:08,754] INFO [GroupCoordinator 0]: Stabilized group foo generation 35 (__consumer_offsets-24) with 1 members (kafka.coordinator.group.GroupCoordinator)
[2022-11-23 22:45:08,758] INFO [GroupCoordinator 0]: Assignment received from leader consumer-2-8e9a8dea-bdf6-42bc-b612-cfaddc7c4bb2 for group foo for generation 35. The group has 1 members, 0 of which are static. (kafka.coordinator.group.GroupCoordinator)
[2022-11-23 22:48:50,326] INFO [GroupCoordinator 0]: Preparing to rebalance group foo in state PreparingRebalance with old generation 35 (__consumer_offsets-24) (reason: Removing member consumer-2-8e9a8dea-bdf6-42bc-b612-cfaddc7c4bb2 on LeaveGroup; client reason: not provided) (kafka.coordinator.group.GroupCoordinator)
[2022-11-23 22:48:50,327] INFO [GroupCoordinator 0]: Group foo with generation 36 is now empty (__consumer_offsets-24) (kafka.coordinator.group.GroupCoordinator)
[2022-11-23 22:48:50,328] INFO [GroupCoordinator 0]: Member MemberMetadata(memberId=consumer-2-8e9a8dea-bdf6-42bc-b612-cfaddc7c4bb2, groupInstanceId=None, clientId=consumer-2, clientHost=/127.0.0.1, sessionTimeoutMs=10000, rebalanceTimeoutMs=300000, supportedProtocols=List(range)) has left group foo through explicit `LeaveGroup`; client reason: not provided (kafka.coordinator.group.GroupCoordinator)
[2022-11-23 22:49:02,673] INFO [GroupCoordinator 0]: Dynamic Member with unknown member id joins group foo in Empty state. Created a new member id consumer-2-530c396d-6595-4777-9e44-e4eaa0023a8c for this member and add to the group. (kafka.coordinator.group.GroupCoordinator)
[2022-11-23 22:49:02,673] INFO [GroupCoordinator 0]: Preparing to rebalance group foo in state PreparingRebalance with old generation 36 (__consumer_offsets-24) (reason: Adding new member consumer-2-530c396d-6595-4777-9e44-e4eaa0023a8c with group instance id None; client reason: not provided) (kafka.coordinator.group.GroupCoordinator)
[2022-11-23 22:49:02,720] INFO [GroupCoordinator 0]: Stabilized group foo generation 37 (__consumer_offsets-24) with 1 members (kafka.coordinator.group.GroupCoordinator)
[2022-11-23 22:49:02,726] INFO [GroupCoordinator 0]: Assignment received from leader consumer-2-530c396d-6595-4777-9e44-e4eaa0023a8c for group foo for generation 37. The group has 1 members, 0 of which are static. (kafka.coordinator.group.GroupCoordinator)
[2022-11-23 22:55:13,075] INFO [GroupCoordinator 0]: Preparing to rebalance group foo in state PreparingRebalance with old generation 37 (__consumer_offsets-24) (reason: Removing member consumer-2-530c396d-6595-4777-9e44-e4eaa0023a8c on LeaveGroup; client reason: not provided) (kafka.coordinator.group.GroupCoordinator)
[2022-11-23 22:55:13,075] INFO [GroupCoordinator 0]: Group foo with generation 38 is now empty (__consumer_offsets-24) (kafka.coordinator.group.GroupCoordinator)
[2022-11-23 22:55:13,076] INFO [GroupCoordinator 0]: Member MemberMetadata(memberId=consumer-2-530c396d-6595-4777-9e44-e4eaa0023a8c, groupInstanceId=None, clientId=consumer-2, clientHost=/127.0.0.1, sessionTimeoutMs=10000, rebalanceTimeoutMs=300000, supportedProtocols=List(range)) has left group foo through explicit `LeaveGroup`; client reason: not provided (kafka.coordinator.group.GroupCoordinator)
[2022-11-23 22:55:26,616] INFO [GroupCoordinator 0]: Dynamic Member with unknown member id joins group foo in Empty state. Created a new member id consumer-2-6ebe5395-d569-4a77-81aa-d7756c76ff08 for this member and add to the group. (kafka.coordinator.group.GroupCoordinator)
[2022-11-23 22:55:26,617] INFO [GroupCoordinator 0]: Preparing to rebalance group foo in state PreparingRebalance with old generation 38 (__consumer_offsets-24) (reason: Adding new member consumer-2-6ebe5395-d569-4a77-81aa-d7756c76ff08 with group instance id None; client reason: not provided) (kafka.coordinator.group.GroupCoordinator)
[2022-11-23 22:55:26,618] INFO [GroupCoordinator 0]: Stabilized group foo generation 39 (__consumer_offsets-24) with 1 members (kafka.coordinator.group.GroupCoordinator)
[2022-11-23 22:55:26,630] INFO [GroupCoordinator 0]: Assignment received from leader consumer-2-6ebe5395-d569-4a77-81aa-d7756c76ff08 for group foo for generation 39. The group has 1 members, 0 of which are static. (kafka.coordinator.group.GroupCoordinator)
[2022-11-23 22:56:41,140] INFO [GroupCoordinator 0]: Preparing to rebalance group foo in state PreparingRebalance with old generation 39 (__consumer_offsets-24) (reason: Removing member consumer-2-6ebe5395-d569-4a77-81aa-d7756c76ff08 on LeaveGroup; client reason: not provided) (kafka.coordinator.group.GroupCoordinator)
[2022-11-23 22:56:41,141] INFO [GroupCoordinator 0]: Group foo with generation 40 is now empty (__consumer_offsets-24) (kafka.coordinator.group.GroupCoordinator)
[2022-11-23 22:56:41,141] INFO [GroupCoordinator 0]: Member MemberMetadata(memberId=consumer-2-6ebe5395-d569-4a77-81aa-d7756c76ff08, groupInstanceId=None, clientId=consumer-2, clientHost=/127.0.0.1, sessionTimeoutMs=10000, rebalanceTimeoutMs=300000, supportedProtocols=List(range)) has left group foo through explicit `LeaveGroup`; client reason: not provided (kafka.coordinator.group.GroupCoordinator)
[2022-11-23 22:56:54,699] INFO [GroupCoordinator 0]: Dynamic Member with unknown member id joins group foo in Empty state. Created a new member id consumer-2-f7749ee5-3622-43e8-8831-39ad2e39861a for this member and add to the group. (kafka.coordinator.group.GroupCoordinator)
[2022-11-23 22:56:54,699] INFO [GroupCoordinator 0]: Preparing to rebalance group foo in state PreparingRebalance with old generation 40 (__consumer_offsets-24) (reason: Adding new member consumer-2-f7749ee5-3622-43e8-8831-39ad2e39861a with group instance id None; client reason: not provided) (kafka.coordinator.group.GroupCoordinator)
[2022-11-23 22:56:54,723] INFO [GroupCoordinator 0]: Stabilized group foo generation 41 (__consumer_offsets-24) with 1 members (kafka.coordinator.group.GroupCoordinator)
[2022-11-23 22:56:54,727] INFO [GroupCoordinator 0]: Assignment received from leader consumer-2-f7749ee5-3622-43e8-8831-39ad2e39861a for group foo for generation 41. The group has 1 members, 0 of which are static. (kafka.coordinator.group.GroupCoordinator)
[2022-11-23 22:57:45,111] INFO [GroupCoordinator 0]: Preparing to rebalance group foo in state PreparingRebalance with old generation 41 (__consumer_offsets-24) (reason: Removing member consumer-2-f7749ee5-3622-43e8-8831-39ad2e39861a on LeaveGroup; client reason: not provided) (kafka.coordinator.group.GroupCoordinator)
[2022-11-23 22:57:45,112] INFO [GroupCoordinator 0]: Group foo with generation 42 is now empty (__consumer_offsets-24) (kafka.coordinator.group.GroupCoordinator)
[2022-11-23 22:57:45,113] INFO [GroupCoordinator 0]: Member MemberMetadata(memberId=consumer-2-f7749ee5-3622-43e8-8831-39ad2e39861a, groupInstanceId=None, clientId=consumer-2, clientHost=/127.0.0.1, sessionTimeoutMs=10000, rebalanceTimeoutMs=300000, supportedProtocols=List(range)) has left group foo through explicit `LeaveGroup`; client reason: not provided (kafka.coordinator.group.GroupCoordinator)
[2022-11-23 22:57:57,375] INFO [GroupCoordinator 0]: Dynamic Member with unknown member id joins group foo in Empty state. Created a new member id consumer-2-ad803ec9-ec02-424f-962e-f47b561dc959 for this member and add to the group. (kafka.coordinator.group.GroupCoordinator)
[2022-11-23 22:57:57,376] INFO [GroupCoordinator 0]: Preparing to rebalance group foo in state PreparingRebalance with old generation 42 (__consumer_offsets-24) (reason: Adding new member consumer-2-ad803ec9-ec02-424f-962e-f47b561dc959 with group instance id None; client reason: not provided) (kafka.coordinator.group.GroupCoordinator)
[2022-11-23 22:57:57,377] INFO [GroupCoordinator 0]: Stabilized group foo generation 43 (__consumer_offsets-24) with 1 members (kafka.coordinator.group.GroupCoordinator)
[2022-11-23 22:57:57,381] INFO [GroupCoordinator 0]: Assignment received from leader consumer-2-ad803ec9-ec02-424f-962e-f47b561dc959 for group foo for generation 43. The group has 1 members, 0 of which are static. (kafka.coordinator.group.GroupCoordinator)
[2022-11-23 23:00:24,029] INFO [GroupCoordinator 0]: Preparing to rebalance group foo in state PreparingRebalance with old generation 43 (__consumer_offsets-24) (reason: Removing member consumer-2-ad803ec9-ec02-424f-962e-f47b561dc959 on LeaveGroup; client reason: not provided) (kafka.coordinator.group.GroupCoordinator)
[2022-11-23 23:00:24,031] INFO [GroupCoordinator 0]: Group foo with generation 44 is now empty (__consumer_offsets-24) (kafka.coordinator.group.GroupCoordinator)
[2022-11-23 23:00:24,032] INFO [GroupCoordinator 0]: Member MemberMetadata(memberId=consumer-2-ad803ec9-ec02-424f-962e-f47b561dc959, groupInstanceId=None, clientId=consumer-2, clientHost=/127.0.0.1, sessionTimeoutMs=10000, rebalanceTimeoutMs=300000, supportedProtocols=List(range)) has left group foo through explicit `LeaveGroup`; client reason: not provided (kafka.coordinator.group.GroupCoordinator)
[2022-11-23 23:00:37,840] INFO [GroupCoordinator 0]: Dynamic Member with unknown member id joins group foo in Empty state. Created a new member id consumer-2-419f7f44-949a-4879-a36c-16ffe52c979d for this member and add to the group. (kafka.coordinator.group.GroupCoordinator)
[2022-11-23 23:00:37,841] INFO [GroupCoordinator 0]: Preparing to rebalance group foo in state PreparingRebalance with old generation 44 (__consumer_offsets-24) (reason: Adding new member consumer-2-419f7f44-949a-4879-a36c-16ffe52c979d with group instance id None; client reason: not provided) (kafka.coordinator.group.GroupCoordinator)
[2022-11-23 23:00:37,842] INFO [GroupCoordinator 0]: Stabilized group foo generation 45 (__consumer_offsets-24) with 1 members (kafka.coordinator.group.GroupCoordinator)
[2022-11-23 23:00:37,847] INFO [GroupCoordinator 0]: Assignment received from leader consumer-2-419f7f44-949a-4879-a36c-16ffe52c979d for group foo for generation 45. The group has 1 members, 0 of which are static. (kafka.coordinator.group.GroupCoordinator)
[2022-11-23 23:02:31,415] INFO [GroupCoordinator 0]: Preparing to rebalance group foo in state PreparingRebalance with old generation 45 (__consumer_offsets-24) (reason: Removing member consumer-2-419f7f44-949a-4879-a36c-16ffe52c979d on LeaveGroup; client reason: not provided) (kafka.coordinator.group.GroupCoordinator)
[2022-11-23 23:02:31,416] INFO [GroupCoordinator 0]: Group foo with generation 46 is now empty (__consumer_offsets-24) (kafka.coordinator.group.GroupCoordinator)
[2022-11-23 23:02:31,417] INFO [GroupCoordinator 0]: Member MemberMetadata(memberId=consumer-2-419f7f44-949a-4879-a36c-16ffe52c979d, groupInstanceId=None, clientId=consumer-2, clientHost=/127.0.0.1, sessionTimeoutMs=10000, rebalanceTimeoutMs=300000, supportedProtocols=List(range)) has left group foo through explicit `LeaveGroup`; client reason: not provided (kafka.coordinator.group.GroupCoordinator)
[2022-11-23 23:02:45,018] INFO [GroupCoordinator 0]: Dynamic Member with unknown member id joins group foo in Empty state. Created a new member id consumer-2-9eb7d88e-c687-4c77-a356-4f3d0b935b37 for this member and add to the group. (kafka.coordinator.group.GroupCoordinator)
[2022-11-23 23:02:45,019] INFO [GroupCoordinator 0]: Preparing to rebalance group foo in state PreparingRebalance with old generation 46 (__consumer_offsets-24) (reason: Adding new member consumer-2-9eb7d88e-c687-4c77-a356-4f3d0b935b37 with group instance id None; client reason: not provided) (kafka.coordinator.group.GroupCoordinator)
[2022-11-23 23:02:45,021] INFO [GroupCoordinator 0]: Stabilized group foo generation 47 (__consumer_offsets-24) with 1 members (kafka.coordinator.group.GroupCoordinator)
[2022-11-23 23:02:45,042] INFO [GroupCoordinator 0]: Assignment received from leader consumer-2-9eb7d88e-c687-4c77-a356-4f3d0b935b37 for group foo for generation 47. The group has 1 members, 0 of which are static. (kafka.coordinator.group.GroupCoordinator)
[2022-11-23 23:29:43,007] INFO [GroupCoordinator 0]: Preparing to rebalance group foo in state PreparingRebalance with old generation 47 (__consumer_offsets-24) (reason: Removing member consumer-2-9eb7d88e-c687-4c77-a356-4f3d0b935b37 on LeaveGroup; client reason: not provided) (kafka.coordinator.group.GroupCoordinator)
[2022-11-23 23:29:43,008] INFO [GroupCoordinator 0]: Group foo with generation 48 is now empty (__consumer_offsets-24) (kafka.coordinator.group.GroupCoordinator)
[2022-11-23 23:29:43,009] INFO [GroupCoordinator 0]: Member MemberMetadata(memberId=consumer-2-9eb7d88e-c687-4c77-a356-4f3d0b935b37, groupInstanceId=None, clientId=consumer-2, clientHost=/127.0.0.1, sessionTimeoutMs=10000, rebalanceTimeoutMs=300000, supportedProtocols=List(range)) has left group foo through explicit `LeaveGroup`; client reason: not provided (kafka.coordinator.group.GroupCoordinator)
[2022-11-23 23:29:58,801] INFO [GroupCoordinator 0]: Dynamic Member with unknown member id joins group foo in Empty state. Created a new member id consumer-2-e3689850-49ef-47e2-82af-774a1fce3007 for this member and add to the group. (kafka.coordinator.group.GroupCoordinator)
[2022-11-23 23:29:58,801] INFO [GroupCoordinator 0]: Preparing to rebalance group foo in state PreparingRebalance with old generation 48 (__consumer_offsets-24) (reason: Adding new member consumer-2-e3689850-49ef-47e2-82af-774a1fce3007 with group instance id None; client reason: not provided) (kafka.coordinator.group.GroupCoordinator)
[2022-11-23 23:29:58,803] INFO [GroupCoordinator 0]: Stabilized group foo generation 49 (__consumer_offsets-24) with 1 members (kafka.coordinator.group.GroupCoordinator)
[2022-11-23 23:29:58,807] INFO [GroupCoordinator 0]: Assignment received from leader consumer-2-e3689850-49ef-47e2-82af-774a1fce3007 for group foo for generation 49. The group has 1 members, 0 of which are static. (kafka.coordinator.group.GroupCoordinator)
[2022-11-23 23:37:10,589] INFO [GroupCoordinator 0]: Preparing to rebalance group foo in state PreparingRebalance with old generation 49 (__consumer_offsets-24) (reason: Removing member consumer-2-e3689850-49ef-47e2-82af-774a1fce3007 on LeaveGroup; client reason: not provided) (kafka.coordinator.group.GroupCoordinator)
[2022-11-23 23:37:10,590] INFO [GroupCoordinator 0]: Group foo with generation 50 is now empty (__consumer_offsets-24) (kafka.coordinator.group.GroupCoordinator)
[2022-11-23 23:37:10,592] INFO [GroupCoordinator 0]: Member MemberMetadata(memberId=consumer-2-e3689850-49ef-47e2-82af-774a1fce3007, groupInstanceId=None, clientId=consumer-2, clientHost=/127.0.0.1, sessionTimeoutMs=10000, rebalanceTimeoutMs=300000, supportedProtocols=List(range)) has left group foo through explicit `LeaveGroup`; client reason: not provided (kafka.coordinator.group.GroupCoordinator)
[2022-11-23 23:39:03,459] INFO [GroupCoordinator 0]: Dynamic Member with unknown member id joins group foo in Empty state. Created a new member id consumer-2-d104f7cb-22a2-4a0b-8422-6f3625cfdbb4 for this member and add to the group. (kafka.coordinator.group.GroupCoordinator)
[2022-11-23 23:39:03,460] INFO [GroupCoordinator 0]: Preparing to rebalance group foo in state PreparingRebalance with old generation 50 (__consumer_offsets-24) (reason: Adding new member consumer-2-d104f7cb-22a2-4a0b-8422-6f3625cfdbb4 with group instance id None; client reason: not provided) (kafka.coordinator.group.GroupCoordinator)
[2022-11-23 23:39:03,461] INFO [GroupCoordinator 0]: Stabilized group foo generation 51 (__consumer_offsets-24) with 1 members (kafka.coordinator.group.GroupCoordinator)
[2022-11-23 23:39:03,466] INFO [GroupCoordinator 0]: Assignment received from leader consumer-2-d104f7cb-22a2-4a0b-8422-6f3625cfdbb4 for group foo for generation 51. The group has 1 members, 0 of which are static. (kafka.coordinator.group.GroupCoordinator)
[2022-11-23 23:49:49,005] INFO [GroupCoordinator 0]: Preparing to rebalance group foo in state PreparingRebalance with old generation 51 (__consumer_offsets-24) (reason: Removing member consumer-2-d104f7cb-22a2-4a0b-8422-6f3625cfdbb4 on LeaveGroup; client reason: not provided) (kafka.coordinator.group.GroupCoordinator)
[2022-11-23 23:49:49,005] INFO [GroupCoordinator 0]: Group foo with generation 52 is now empty (__consumer_offsets-24) (kafka.coordinator.group.GroupCoordinator)
[2022-11-23 23:49:49,007] INFO [GroupCoordinator 0]: Member MemberMetadata(memberId=consumer-2-d104f7cb-22a2-4a0b-8422-6f3625cfdbb4, groupInstanceId=None, clientId=consumer-2, clientHost=/127.0.0.1, sessionTimeoutMs=10000, rebalanceTimeoutMs=300000, supportedProtocols=List(range)) has left group foo through explicit `LeaveGroup`; client reason: not provided (kafka.coordinator.group.GroupCoordinator)
[2022-11-23 23:50:07,872] INFO [GroupCoordinator 0]: Dynamic Member with unknown member id joins group foo in Empty state. Created a new member id consumer-2-79696bff-72df-4a71-826d-fe233d8d25ac for this member and add to the group. (kafka.coordinator.group.GroupCoordinator)
[2022-11-23 23:50:07,873] INFO [GroupCoordinator 0]: Preparing to rebalance group foo in state PreparingRebalance with old generation 52 (__consumer_offsets-24) (reason: Adding new member consumer-2-79696bff-72df-4a71-826d-fe233d8d25ac with group instance id None; client reason: not provided) (kafka.coordinator.group.GroupCoordinator)
[2022-11-23 23:50:07,874] INFO [GroupCoordinator 0]: Stabilized group foo generation 53 (__consumer_offsets-24) with 1 members (kafka.coordinator.group.GroupCoordinator)
[2022-11-23 23:50:07,878] INFO [GroupCoordinator 0]: Assignment received from leader consumer-2-79696bff-72df-4a71-826d-fe233d8d25ac for group foo for generation 53. The group has 1 members, 0 of which are static. (kafka.coordinator.group.GroupCoordinator)
[2022-11-23 23:52:06,830] INFO [GroupCoordinator 0]: Preparing to rebalance group foo in state PreparingRebalance with old generation 53 (__consumer_offsets-24) (reason: Removing member consumer-2-79696bff-72df-4a71-826d-fe233d8d25ac on LeaveGroup; client reason: not provided) (kafka.coordinator.group.GroupCoordinator)
[2022-11-23 23:52:06,830] INFO [GroupCoordinator 0]: Group foo with generation 54 is now empty (__consumer_offsets-24) (kafka.coordinator.group.GroupCoordinator)
[2022-11-23 23:52:06,832] INFO [GroupCoordinator 0]: Member MemberMetadata(memberId=consumer-2-79696bff-72df-4a71-826d-fe233d8d25ac, groupInstanceId=None, clientId=consumer-2, clientHost=/127.0.0.1, sessionTimeoutMs=10000, rebalanceTimeoutMs=300000, supportedProtocols=List(range)) has left group foo through explicit `LeaveGroup`; client reason: not provided (kafka.coordinator.group.GroupCoordinator)
[2022-11-23 23:52:19,121] INFO [GroupCoordinator 0]: Dynamic Member with unknown member id joins group foo in Empty state. Created a new member id consumer-2-31e2b132-c50f-429e-af85-67155d87f112 for this member and add to the group. (kafka.coordinator.group.GroupCoordinator)
[2022-11-23 23:52:19,121] INFO [GroupCoordinator 0]: Preparing to rebalance group foo in state PreparingRebalance with old generation 54 (__consumer_offsets-24) (reason: Adding new member consumer-2-31e2b132-c50f-429e-af85-67155d87f112 with group instance id None; client reason: not provided) (kafka.coordinator.group.GroupCoordinator)
[2022-11-23 23:52:19,122] INFO [GroupCoordinator 0]: Stabilized group foo generation 55 (__consumer_offsets-24) with 1 members (kafka.coordinator.group.GroupCoordinator)
[2022-11-23 23:52:19,127] INFO [GroupCoordinator 0]: Assignment received from leader consumer-2-31e2b132-c50f-429e-af85-67155d87f112 for group foo for generation 55. The group has 1 members, 0 of which are static. (kafka.coordinator.group.GroupCoordinator)
[2022-11-24 00:00:00,258] INFO [GroupCoordinator 0]: Preparing to rebalance group foo in state PreparingRebalance with old generation 55 (__consumer_offsets-24) (reason: Removing member consumer-2-31e2b132-c50f-429e-af85-67155d87f112 on LeaveGroup; client reason: not provided) (kafka.coordinator.group.GroupCoordinator)
[2022-11-24 00:00:00,261] INFO [GroupCoordinator 0]: Group foo with generation 56 is now empty (__consumer_offsets-24) (kafka.coordinator.group.GroupCoordinator)
[2022-11-24 00:00:00,261] INFO [GroupCoordinator 0]: Member MemberMetadata(memberId=consumer-2-31e2b132-c50f-429e-af85-67155d87f112, groupInstanceId=None, clientId=consumer-2, clientHost=/127.0.0.1, sessionTimeoutMs=10000, rebalanceTimeoutMs=300000, supportedProtocols=List(range)) has left group foo through explicit `LeaveGroup`; client reason: not provided (kafka.coordinator.group.GroupCoordinator)
[2022-11-24 00:00:12,634] INFO [GroupCoordinator 0]: Dynamic Member with unknown member id joins group foo in Empty state. Created a new member id consumer-2-73ef1b59-f214-4f60-9371-84ef34035fff for this member and add to the group. (kafka.coordinator.group.GroupCoordinator)
[2022-11-24 00:00:12,635] INFO [GroupCoordinator 0]: Preparing to rebalance group foo in state PreparingRebalance with old generation 56 (__consumer_offsets-24) (reason: Adding new member consumer-2-73ef1b59-f214-4f60-9371-84ef34035fff with group instance id None; client reason: not provided) (kafka.coordinator.group.GroupCoordinator)
[2022-11-24 00:00:12,637] INFO [GroupCoordinator 0]: Stabilized group foo generation 57 (__consumer_offsets-24) with 1 members (kafka.coordinator.group.GroupCoordinator)
[2022-11-24 00:00:12,643] INFO [GroupCoordinator 0]: Assignment received from leader consumer-2-73ef1b59-f214-4f60-9371-84ef34035fff for group foo for generation 57. The group has 1 members, 0 of which are static. (kafka.coordinator.group.GroupCoordinator)
[2022-11-24 00:07:25,425] INFO [GroupCoordinator 0]: Preparing to rebalance group foo in state PreparingRebalance with old generation 57 (__consumer_offsets-24) (reason: Removing member consumer-2-73ef1b59-f214-4f60-9371-84ef34035fff on LeaveGroup; client reason: not provided) (kafka.coordinator.group.GroupCoordinator)
[2022-11-24 00:07:25,431] INFO [GroupCoordinator 0]: Group foo with generation 58 is now empty (__consumer_offsets-24) (kafka.coordinator.group.GroupCoordinator)
[2022-11-24 00:07:25,432] INFO [GroupCoordinator 0]: Member MemberMetadata(memberId=consumer-2-73ef1b59-f214-4f60-9371-84ef34035fff, groupInstanceId=None, clientId=consumer-2, clientHost=/127.0.0.1, sessionTimeoutMs=10000, rebalanceTimeoutMs=300000, supportedProtocols=List(range)) has left group foo through explicit `LeaveGroup`; client reason: not provided (kafka.coordinator.group.GroupCoordinator)
[2022-11-24 00:10:03,086] INFO [GroupCoordinator 0]: Dynamic Member with unknown member id joins group foo in Empty state. Created a new member id consumer-2-2b520410-ae1e-4fa1-b0c0-01573ed14268 for this member and add to the group. (kafka.coordinator.group.GroupCoordinator)
[2022-11-24 00:10:03,087] INFO [GroupCoordinator 0]: Preparing to rebalance group foo in state PreparingRebalance with old generation 58 (__consumer_offsets-24) (reason: Adding new member consumer-2-2b520410-ae1e-4fa1-b0c0-01573ed14268 with group instance id None; client reason: not provided) (kafka.coordinator.group.GroupCoordinator)
[2022-11-24 00:10:03,088] INFO [GroupCoordinator 0]: Stabilized group foo generation 59 (__consumer_offsets-24) with 1 members (kafka.coordinator.group.GroupCoordinator)
[2022-11-24 00:10:03,093] INFO [GroupCoordinator 0]: Assignment received from leader consumer-2-2b520410-ae1e-4fa1-b0c0-01573ed14268 for group foo for generation 59. The group has 1 members, 0 of which are static. (kafka.coordinator.group.GroupCoordinator)
[2022-11-24 00:19:10,077] INFO [GroupCoordinator 0]: Preparing to rebalance group foo in state PreparingRebalance with old generation 59 (__consumer_offsets-24) (reason: Removing member consumer-2-2b520410-ae1e-4fa1-b0c0-01573ed14268 on LeaveGroup; client reason: not provided) (kafka.coordinator.group.GroupCoordinator)
[2022-11-24 00:19:10,077] INFO [GroupCoordinator 0]: Group foo with generation 60 is now empty (__consumer_offsets-24) (kafka.coordinator.group.GroupCoordinator)
[2022-11-24 00:19:10,078] INFO [GroupCoordinator 0]: Member MemberMetadata(memberId=consumer-2-2b520410-ae1e-4fa1-b0c0-01573ed14268, groupInstanceId=None, clientId=consumer-2, clientHost=/127.0.0.1, sessionTimeoutMs=10000, rebalanceTimeoutMs=300000, supportedProtocols=List(range)) has left group foo through explicit `LeaveGroup`; client reason: not provided (kafka.coordinator.group.GroupCoordinator)
[2022-11-24 00:19:27,328] INFO [GroupCoordinator 0]: Dynamic Member with unknown member id joins group foo in Empty state. Created a new member id consumer-2-d6db1002-78dc-40c7-8560-87f0db5fc15f for this member and add to the group. (kafka.coordinator.group.GroupCoordinator)
[2022-11-24 00:19:27,329] INFO [GroupCoordinator 0]: Preparing to rebalance group foo in state PreparingRebalance with old generation 60 (__consumer_offsets-24) (reason: Adding new member consumer-2-d6db1002-78dc-40c7-8560-87f0db5fc15f with group instance id None; client reason: not provided) (kafka.coordinator.group.GroupCoordinator)
[2022-11-24 00:19:27,330] INFO [GroupCoordinator 0]: Stabilized group foo generation 61 (__consumer_offsets-24) with 1 members (kafka.coordinator.group.GroupCoordinator)
[2022-11-24 00:19:27,334] INFO [GroupCoordinator 0]: Assignment received from leader consumer-2-d6db1002-78dc-40c7-8560-87f0db5fc15f for group foo for generation 61. The group has 1 members, 0 of which are static. (kafka.coordinator.group.GroupCoordinator)
[2022-11-24 00:20:08,548] INFO [GroupCoordinator 0]: Preparing to rebalance group foo in state PreparingRebalance with old generation 61 (__consumer_offsets-24) (reason: Removing member consumer-2-d6db1002-78dc-40c7-8560-87f0db5fc15f on LeaveGroup; client reason: not provided) (kafka.coordinator.group.GroupCoordinator)
[2022-11-24 00:20:08,548] INFO [GroupCoordinator 0]: Group foo with generation 62 is now empty (__consumer_offsets-24) (kafka.coordinator.group.GroupCoordinator)
[2022-11-24 00:20:08,549] INFO [GroupCoordinator 0]: Member MemberMetadata(memberId=consumer-2-d6db1002-78dc-40c7-8560-87f0db5fc15f, groupInstanceId=None, clientId=consumer-2, clientHost=/127.0.0.1, sessionTimeoutMs=10000, rebalanceTimeoutMs=300000, supportedProtocols=List(range)) has left group foo through explicit `LeaveGroup`; client reason: not provided (kafka.coordinator.group.GroupCoordinator)
[2022-11-24 00:20:20,211] INFO [GroupCoordinator 0]: Dynamic Member with unknown member id joins group foo in Empty state. Created a new member id consumer-2-682a9460-759e-45ee-b519-60444e0561ac for this member and add to the group. (kafka.coordinator.group.GroupCoordinator)
[2022-11-24 00:20:20,212] INFO [GroupCoordinator 0]: Preparing to rebalance group foo in state PreparingRebalance with old generation 62 (__consumer_offsets-24) (reason: Adding new member consumer-2-682a9460-759e-45ee-b519-60444e0561ac with group instance id None; client reason: not provided) (kafka.coordinator.group.GroupCoordinator)
[2022-11-24 00:20:20,222] INFO [GroupCoordinator 0]: Stabilized group foo generation 63 (__consumer_offsets-24) with 1 members (kafka.coordinator.group.GroupCoordinator)
[2022-11-24 00:20:20,236] INFO [GroupCoordinator 0]: Assignment received from leader consumer-2-682a9460-759e-45ee-b519-60444e0561ac for group foo for generation 63. The group has 1 members, 0 of which are static. (kafka.coordinator.group.GroupCoordinator)
[2022-11-24 00:50:16,465] INFO [GroupCoordinator 0]: Preparing to rebalance group foo in state PreparingRebalance with old generation 63 (__consumer_offsets-24) (reason: Removing member consumer-2-682a9460-759e-45ee-b519-60444e0561ac on LeaveGroup; client reason: not provided) (kafka.coordinator.group.GroupCoordinator)
[2022-11-24 00:50:16,499] INFO [GroupCoordinator 0]: Group foo with generation 64 is now empty (__consumer_offsets-24) (kafka.coordinator.group.GroupCoordinator)
[2022-11-24 00:50:16,500] INFO [GroupCoordinator 0]: Member MemberMetadata(memberId=consumer-2-682a9460-759e-45ee-b519-60444e0561ac, groupInstanceId=None, clientId=consumer-2, clientHost=/127.0.0.1, sessionTimeoutMs=10000, rebalanceTimeoutMs=300000, supportedProtocols=List(range)) has left group foo through explicit `LeaveGroup`; client reason: not provided (kafka.coordinator.group.GroupCoordinator)
[2022-11-24 00:50:33,293] INFO [GroupCoordinator 0]: Dynamic Member with unknown member id joins group foo in Empty state. Created a new member id consumer-2-e4548979-d4b0-48c7-be54-d8570e7b54a0 for this member and add to the group. (kafka.coordinator.group.GroupCoordinator)
[2022-11-24 00:50:33,293] INFO [GroupCoordinator 0]: Preparing to rebalance group foo in state PreparingRebalance with old generation 64 (__consumer_offsets-24) (reason: Adding new member consumer-2-e4548979-d4b0-48c7-be54-d8570e7b54a0 with group instance id None; client reason: not provided) (kafka.coordinator.group.GroupCoordinator)
[2022-11-24 00:50:33,449] INFO [GroupCoordinator 0]: Stabilized group foo generation 65 (__consumer_offsets-24) with 1 members (kafka.coordinator.group.GroupCoordinator)
[2022-11-24 00:50:33,463] INFO [GroupCoordinator 0]: Assignment received from leader consumer-2-e4548979-d4b0-48c7-be54-d8570e7b54a0 for group foo for generation 65. The group has 1 members, 0 of which are static. (kafka.coordinator.group.GroupCoordinator)
[2022-11-24 00:58:32,555] INFO [GroupCoordinator 0]: Preparing to rebalance group foo in state PreparingRebalance with old generation 65 (__consumer_offsets-24) (reason: Removing member consumer-2-e4548979-d4b0-48c7-be54-d8570e7b54a0 on LeaveGroup; client reason: not provided) (kafka.coordinator.group.GroupCoordinator)
[2022-11-24 00:58:32,556] INFO [GroupCoordinator 0]: Group foo with generation 66 is now empty (__consumer_offsets-24) (kafka.coordinator.group.GroupCoordinator)
[2022-11-24 00:58:32,589] INFO [GroupCoordinator 0]: Member MemberMetadata(memberId=consumer-2-e4548979-d4b0-48c7-be54-d8570e7b54a0, groupInstanceId=None, clientId=consumer-2, clientHost=/127.0.0.1, sessionTimeoutMs=10000, rebalanceTimeoutMs=300000, supportedProtocols=List(range)) has left group foo through explicit `LeaveGroup`; client reason: not provided (kafka.coordinator.group.GroupCoordinator)
[2022-11-24 00:58:46,394] INFO [GroupCoordinator 0]: Dynamic Member with unknown member id joins group foo in Empty state. Created a new member id consumer-2-c1b9b9f5-40f5-43a0-b361-4c135b3d31e8 for this member and add to the group. (kafka.coordinator.group.GroupCoordinator)
[2022-11-24 00:58:46,394] INFO [GroupCoordinator 0]: Preparing to rebalance group foo in state PreparingRebalance with old generation 66 (__consumer_offsets-24) (reason: Adding new member consumer-2-c1b9b9f5-40f5-43a0-b361-4c135b3d31e8 with group instance id None; client reason: not provided) (kafka.coordinator.group.GroupCoordinator)
[2022-11-24 00:58:46,395] INFO [GroupCoordinator 0]: Stabilized group foo generation 67 (__consumer_offsets-24) with 1 members (kafka.coordinator.group.GroupCoordinator)
[2022-11-24 00:58:46,400] INFO [GroupCoordinator 0]: Assignment received from leader consumer-2-c1b9b9f5-40f5-43a0-b361-4c135b3d31e8 for group foo for generation 67. The group has 1 members, 0 of which are static. (kafka.coordinator.group.GroupCoordinator)
[2022-11-24 01:04:25,725] INFO [GroupCoordinator 0]: Preparing to rebalance group foo in state PreparingRebalance with old generation 67 (__consumer_offsets-24) (reason: Removing member consumer-2-c1b9b9f5-40f5-43a0-b361-4c135b3d31e8 on LeaveGroup; client reason: not provided) (kafka.coordinator.group.GroupCoordinator)
[2022-11-24 01:04:25,727] INFO [GroupCoordinator 0]: Group foo with generation 68 is now empty (__consumer_offsets-24) (kafka.coordinator.group.GroupCoordinator)
[2022-11-24 01:04:25,728] INFO [GroupCoordinator 0]: Member MemberMetadata(memberId=consumer-2-c1b9b9f5-40f5-43a0-b361-4c135b3d31e8, groupInstanceId=None, clientId=consumer-2, clientHost=/127.0.0.1, sessionTimeoutMs=10000, rebalanceTimeoutMs=300000, supportedProtocols=List(range)) has left group foo through explicit `LeaveGroup`; client reason: not provided (kafka.coordinator.group.GroupCoordinator)
[2022-11-24 01:04:37,562] INFO [GroupCoordinator 0]: Dynamic Member with unknown member id joins group foo in Empty state. Created a new member id consumer-2-c7b7c029-7d79-4c6f-bd9f-d547dc22d6e2 for this member and add to the group. (kafka.coordinator.group.GroupCoordinator)
[2022-11-24 01:04:37,562] INFO [GroupCoordinator 0]: Preparing to rebalance group foo in state PreparingRebalance with old generation 68 (__consumer_offsets-24) (reason: Adding new member consumer-2-c7b7c029-7d79-4c6f-bd9f-d547dc22d6e2 with group instance id None; client reason: not provided) (kafka.coordinator.group.GroupCoordinator)
[2022-11-24 01:04:37,564] INFO [GroupCoordinator 0]: Stabilized group foo generation 69 (__consumer_offsets-24) with 1 members (kafka.coordinator.group.GroupCoordinator)
[2022-11-24 01:04:37,569] INFO [GroupCoordinator 0]: Assignment received from leader consumer-2-c7b7c029-7d79-4c6f-bd9f-d547dc22d6e2 for group foo for generation 69. The group has 1 members, 0 of which are static. (kafka.coordinator.group.GroupCoordinator)
[2022-11-24 01:06:13,596] INFO [GroupCoordinator 0]: Preparing to rebalance group foo in state PreparingRebalance with old generation 69 (__consumer_offsets-24) (reason: Removing member consumer-2-c7b7c029-7d79-4c6f-bd9f-d547dc22d6e2 on LeaveGroup; client reason: not provided) (kafka.coordinator.group.GroupCoordinator)
[2022-11-24 01:06:13,596] INFO [GroupCoordinator 0]: Group foo with generation 70 is now empty (__consumer_offsets-24) (kafka.coordinator.group.GroupCoordinator)
[2022-11-24 01:06:13,597] INFO [GroupCoordinator 0]: Member MemberMetadata(memberId=consumer-2-c7b7c029-7d79-4c6f-bd9f-d547dc22d6e2, groupInstanceId=None, clientId=consumer-2, clientHost=/127.0.0.1, sessionTimeoutMs=10000, rebalanceTimeoutMs=300000, supportedProtocols=List(range)) has left group foo through explicit `LeaveGroup`; client reason: not provided (kafka.coordinator.group.GroupCoordinator)
[2022-11-24 01:06:25,411] INFO [GroupCoordinator 0]: Dynamic Member with unknown member id joins group foo in Empty state. Created a new member id consumer-2-ccccf067-924f-4ebf-b041-016fb567902e for this member and add to the group. (kafka.coordinator.group.GroupCoordinator)
[2022-11-24 01:06:25,411] INFO [GroupCoordinator 0]: Preparing to rebalance group foo in state PreparingRebalance with old generation 70 (__consumer_offsets-24) (reason: Adding new member consumer-2-ccccf067-924f-4ebf-b041-016fb567902e with group instance id None; client reason: not provided) (kafka.coordinator.group.GroupCoordinator)
[2022-11-24 01:06:25,413] INFO [GroupCoordinator 0]: Stabilized group foo generation 71 (__consumer_offsets-24) with 1 members (kafka.coordinator.group.GroupCoordinator)
[2022-11-24 01:06:25,417] INFO [GroupCoordinator 0]: Assignment received from leader consumer-2-ccccf067-924f-4ebf-b041-016fb567902e for group foo for generation 71. The group has 1 members, 0 of which are static. (kafka.coordinator.group.GroupCoordinator)
[2022-11-24 01:07:17,008] INFO [GroupCoordinator 0]: Preparing to rebalance group foo in state PreparingRebalance with old generation 71 (__consumer_offsets-24) (reason: Removing member consumer-2-ccccf067-924f-4ebf-b041-016fb567902e on LeaveGroup; client reason: not provided) (kafka.coordinator.group.GroupCoordinator)
[2022-11-24 01:07:17,008] INFO [GroupCoordinator 0]: Group foo with generation 72 is now empty (__consumer_offsets-24) (kafka.coordinator.group.GroupCoordinator)
[2022-11-24 01:07:17,009] INFO [GroupCoordinator 0]: Member MemberMetadata(memberId=consumer-2-ccccf067-924f-4ebf-b041-016fb567902e, groupInstanceId=None, clientId=consumer-2, clientHost=/127.0.0.1, sessionTimeoutMs=10000, rebalanceTimeoutMs=300000, supportedProtocols=List(range)) has left group foo through explicit `LeaveGroup`; client reason: not provided (kafka.coordinator.group.GroupCoordinator)
[2022-11-24 01:07:29,106] INFO [GroupCoordinator 0]: Dynamic Member with unknown member id joins group foo in Empty state. Created a new member id consumer-2-c9d5306c-b94a-483a-a5d3-9f06c2b531c9 for this member and add to the group. (kafka.coordinator.group.GroupCoordinator)
[2022-11-24 01:07:29,106] INFO [GroupCoordinator 0]: Preparing to rebalance group foo in state PreparingRebalance with old generation 72 (__consumer_offsets-24) (reason: Adding new member consumer-2-c9d5306c-b94a-483a-a5d3-9f06c2b531c9 with group instance id None; client reason: not provided) (kafka.coordinator.group.GroupCoordinator)
[2022-11-24 01:07:29,165] INFO [GroupCoordinator 0]: Stabilized group foo generation 73 (__consumer_offsets-24) with 1 members (kafka.coordinator.group.GroupCoordinator)
[2022-11-24 01:07:29,184] INFO [GroupCoordinator 0]: Assignment received from leader consumer-2-c9d5306c-b94a-483a-a5d3-9f06c2b531c9 for group foo for generation 73. The group has 1 members, 0 of which are static. (kafka.coordinator.group.GroupCoordinator)
[2022-11-24 01:13:58,972] INFO [GroupCoordinator 0]: Preparing to rebalance group foo in state PreparingRebalance with old generation 73 (__consumer_offsets-24) (reason: Removing member consumer-2-c9d5306c-b94a-483a-a5d3-9f06c2b531c9 on LeaveGroup; client reason: not provided) (kafka.coordinator.group.GroupCoordinator)
[2022-11-24 01:13:58,972] INFO [GroupCoordinator 0]: Group foo with generation 74 is now empty (__consumer_offsets-24) (kafka.coordinator.group.GroupCoordinator)
[2022-11-24 01:13:58,974] INFO [GroupCoordinator 0]: Member MemberMetadata(memberId=consumer-2-c9d5306c-b94a-483a-a5d3-9f06c2b531c9, groupInstanceId=None, clientId=consumer-2, clientHost=/127.0.0.1, sessionTimeoutMs=10000, rebalanceTimeoutMs=300000, supportedProtocols=List(range)) has left group foo through explicit `LeaveGroup`; client reason: not provided (kafka.coordinator.group.GroupCoordinator)
[2022-11-24 01:14:10,724] INFO [GroupCoordinator 0]: Dynamic Member with unknown member id joins group foo in Empty state. Created a new member id consumer-2-9e076261-4ac8-4aee-920a-5fb7e706fe66 for this member and add to the group. (kafka.coordinator.group.GroupCoordinator)
[2022-11-24 01:14:10,724] INFO [GroupCoordinator 0]: Preparing to rebalance group foo in state PreparingRebalance with old generation 74 (__consumer_offsets-24) (reason: Adding new member consumer-2-9e076261-4ac8-4aee-920a-5fb7e706fe66 with group instance id None; client reason: not provided) (kafka.coordinator.group.GroupCoordinator)
[2022-11-24 01:14:10,725] INFO [GroupCoordinator 0]: Stabilized group foo generation 75 (__consumer_offsets-24) with 1 members (kafka.coordinator.group.GroupCoordinator)
[2022-11-24 01:14:10,730] INFO [GroupCoordinator 0]: Assignment received from leader consumer-2-9e076261-4ac8-4aee-920a-5fb7e706fe66 for group foo for generation 75. The group has 1 members, 0 of which are static. (kafka.coordinator.group.GroupCoordinator)
[2022-11-24 01:16:51,074] INFO [GroupCoordinator 0]: Preparing to rebalance group foo in state PreparingRebalance with old generation 75 (__consumer_offsets-24) (reason: Removing member consumer-2-9e076261-4ac8-4aee-920a-5fb7e706fe66 on LeaveGroup; client reason: not provided) (kafka.coordinator.group.GroupCoordinator)
[2022-11-24 01:16:51,077] INFO [GroupCoordinator 0]: Group foo with generation 76 is now empty (__consumer_offsets-24) (kafka.coordinator.group.GroupCoordinator)
[2022-11-24 01:16:51,078] INFO [GroupCoordinator 0]: Member MemberMetadata(memberId=consumer-2-9e076261-4ac8-4aee-920a-5fb7e706fe66, groupInstanceId=None, clientId=consumer-2, clientHost=/127.0.0.1, sessionTimeoutMs=10000, rebalanceTimeoutMs=300000, supportedProtocols=List(range)) has left group foo through explicit `LeaveGroup`; client reason: not provided (kafka.coordinator.group.GroupCoordinator)
[2022-11-24 01:17:02,648] INFO [GroupCoordinator 0]: Dynamic Member with unknown member id joins group foo in Empty state. Created a new member id consumer-2-922b14c2-ea67-4389-8df9-5f94205d65d2 for this member and add to the group. (kafka.coordinator.group.GroupCoordinator)
[2022-11-24 01:17:02,648] INFO [GroupCoordinator 0]: Preparing to rebalance group foo in state PreparingRebalance with old generation 76 (__consumer_offsets-24) (reason: Adding new member consumer-2-922b14c2-ea67-4389-8df9-5f94205d65d2 with group instance id None; client reason: not provided) (kafka.coordinator.group.GroupCoordinator)
[2022-11-24 01:17:02,650] INFO [GroupCoordinator 0]: Stabilized group foo generation 77 (__consumer_offsets-24) with 1 members (kafka.coordinator.group.GroupCoordinator)
[2022-11-24 01:17:02,653] INFO [GroupCoordinator 0]: Assignment received from leader consumer-2-922b14c2-ea67-4389-8df9-5f94205d65d2 for group foo for generation 77. The group has 1 members, 0 of which are static. (kafka.coordinator.group.GroupCoordinator)
[2022-11-24 01:20:14,368] INFO [GroupCoordinator 0]: Preparing to rebalance group foo in state PreparingRebalance with old generation 77 (__consumer_offsets-24) (reason: Removing member consumer-2-922b14c2-ea67-4389-8df9-5f94205d65d2 on LeaveGroup; client reason: not provided) (kafka.coordinator.group.GroupCoordinator)
[2022-11-24 01:20:14,369] INFO [GroupCoordinator 0]: Group foo with generation 78 is now empty (__consumer_offsets-24) (kafka.coordinator.group.GroupCoordinator)
[2022-11-24 01:20:14,370] INFO [GroupCoordinator 0]: Member MemberMetadata(memberId=consumer-2-922b14c2-ea67-4389-8df9-5f94205d65d2, groupInstanceId=None, clientId=consumer-2, clientHost=/127.0.0.1, sessionTimeoutMs=10000, rebalanceTimeoutMs=300000, supportedProtocols=List(range)) has left group foo through explicit `LeaveGroup`; client reason: not provided (kafka.coordinator.group.GroupCoordinator)
[2022-11-24 01:20:25,966] INFO [GroupCoordinator 0]: Dynamic Member with unknown member id joins group foo in Empty state. Created a new member id consumer-2-0855a05f-24c6-4800-ba41-d8a97c1c1b71 for this member and add to the group. (kafka.coordinator.group.GroupCoordinator)
[2022-11-24 01:20:25,966] INFO [GroupCoordinator 0]: Preparing to rebalance group foo in state PreparingRebalance with old generation 78 (__consumer_offsets-24) (reason: Adding new member consumer-2-0855a05f-24c6-4800-ba41-d8a97c1c1b71 with group instance id None; client reason: not provided) (kafka.coordinator.group.GroupCoordinator)
[2022-11-24 01:20:25,968] INFO [GroupCoordinator 0]: Stabilized group foo generation 79 (__consumer_offsets-24) with 1 members (kafka.coordinator.group.GroupCoordinator)
[2022-11-24 01:20:25,974] INFO [GroupCoordinator 0]: Assignment received from leader consumer-2-0855a05f-24c6-4800-ba41-d8a97c1c1b71 for group foo for generation 79. The group has 1 members, 0 of which are static. (kafka.coordinator.group.GroupCoordinator)
[2022-11-24 01:21:14,295] INFO [GroupCoordinator 0]: Preparing to rebalance group foo in state PreparingRebalance with old generation 79 (__consumer_offsets-24) (reason: Removing member consumer-2-0855a05f-24c6-4800-ba41-d8a97c1c1b71 on LeaveGroup; client reason: not provided) (kafka.coordinator.group.GroupCoordinator)
[2022-11-24 01:21:14,295] INFO [GroupCoordinator 0]: Group foo with generation 80 is now empty (__consumer_offsets-24) (kafka.coordinator.group.GroupCoordinator)
[2022-11-24 01:21:14,296] INFO [GroupCoordinator 0]: Member MemberMetadata(memberId=consumer-2-0855a05f-24c6-4800-ba41-d8a97c1c1b71, groupInstanceId=None, clientId=consumer-2, clientHost=/127.0.0.1, sessionTimeoutMs=10000, rebalanceTimeoutMs=300000, supportedProtocols=List(range)) has left group foo through explicit `LeaveGroup`; client reason: not provided (kafka.coordinator.group.GroupCoordinator)
[2022-11-24 01:21:25,946] INFO [GroupCoordinator 0]: Dynamic Member with unknown member id joins group foo in Empty state. Created a new member id consumer-2-fd6728da-2432-4eae-928e-8aea1fa3ba71 for this member and add to the group. (kafka.coordinator.group.GroupCoordinator)
[2022-11-24 01:21:25,946] INFO [GroupCoordinator 0]: Preparing to rebalance group foo in state PreparingRebalance with old generation 80 (__consumer_offsets-24) (reason: Adding new member consumer-2-fd6728da-2432-4eae-928e-8aea1fa3ba71 with group instance id None; client reason: not provided) (kafka.coordinator.group.GroupCoordinator)
[2022-11-24 01:21:25,948] INFO [GroupCoordinator 0]: Stabilized group foo generation 81 (__consumer_offsets-24) with 1 members (kafka.coordinator.group.GroupCoordinator)
[2022-11-24 01:21:25,969] INFO [GroupCoordinator 0]: Assignment received from leader consumer-2-fd6728da-2432-4eae-928e-8aea1fa3ba71 for group foo for generation 81. The group has 1 members, 0 of which are static. (kafka.coordinator.group.GroupCoordinator)
[2022-11-24 01:22:13,652] INFO [GroupCoordinator 0]: Preparing to rebalance group foo in state PreparingRebalance with old generation 81 (__consumer_offsets-24) (reason: Removing member consumer-2-fd6728da-2432-4eae-928e-8aea1fa3ba71 on LeaveGroup; client reason: not provided) (kafka.coordinator.group.GroupCoordinator)
[2022-11-24 01:22:13,652] INFO [GroupCoordinator 0]: Group foo with generation 82 is now empty (__consumer_offsets-24) (kafka.coordinator.group.GroupCoordinator)
[2022-11-24 01:22:13,653] INFO [GroupCoordinator 0]: Member MemberMetadata(memberId=consumer-2-fd6728da-2432-4eae-928e-8aea1fa3ba71, groupInstanceId=None, clientId=consumer-2, clientHost=/127.0.0.1, sessionTimeoutMs=10000, rebalanceTimeoutMs=300000, supportedProtocols=List(range)) has left group foo through explicit `LeaveGroup`; client reason: not provided (kafka.coordinator.group.GroupCoordinator)
[2022-11-24 01:22:25,560] INFO [GroupCoordinator 0]: Dynamic Member with unknown member id joins group foo in Empty state. Created a new member id consumer-2-fcb9309e-2970-44dd-b692-9a0a88f60fc6 for this member and add to the group. (kafka.coordinator.group.GroupCoordinator)
[2022-11-24 01:22:25,560] INFO [GroupCoordinator 0]: Preparing to rebalance group foo in state PreparingRebalance with old generation 82 (__consumer_offsets-24) (reason: Adding new member consumer-2-fcb9309e-2970-44dd-b692-9a0a88f60fc6 with group instance id None; client reason: not provided) (kafka.coordinator.group.GroupCoordinator)
[2022-11-24 01:22:25,561] INFO [GroupCoordinator 0]: Stabilized group foo generation 83 (__consumer_offsets-24) with 1 members (kafka.coordinator.group.GroupCoordinator)
[2022-11-24 01:22:25,566] INFO [GroupCoordinator 0]: Assignment received from leader consumer-2-fcb9309e-2970-44dd-b692-9a0a88f60fc6 for group foo for generation 83. The group has 1 members, 0 of which are static. (kafka.coordinator.group.GroupCoordinator)
[2022-11-24 01:23:27,939] INFO [GroupCoordinator 0]: Preparing to rebalance group foo in state PreparingRebalance with old generation 83 (__consumer_offsets-24) (reason: Removing member consumer-2-fcb9309e-2970-44dd-b692-9a0a88f60fc6 on LeaveGroup; client reason: not provided) (kafka.coordinator.group.GroupCoordinator)
[2022-11-24 01:23:27,940] INFO [GroupCoordinator 0]: Group foo with generation 84 is now empty (__consumer_offsets-24) (kafka.coordinator.group.GroupCoordinator)
[2022-11-24 01:23:27,940] INFO [GroupCoordinator 0]: Member MemberMetadata(memberId=consumer-2-fcb9309e-2970-44dd-b692-9a0a88f60fc6, groupInstanceId=None, clientId=consumer-2, clientHost=/127.0.0.1, sessionTimeoutMs=10000, rebalanceTimeoutMs=300000, supportedProtocols=List(range)) has left group foo through explicit `LeaveGroup`; client reason: not provided (kafka.coordinator.group.GroupCoordinator)
[2022-11-24 01:23:39,763] INFO [GroupCoordinator 0]: Dynamic Member with unknown member id joins group foo in Empty state. Created a new member id consumer-2-60cb1811-a69c-4075-886c-1d79ced36731 for this member and add to the group. (kafka.coordinator.group.GroupCoordinator)
[2022-11-24 01:23:39,763] INFO [GroupCoordinator 0]: Preparing to rebalance group foo in state PreparingRebalance with old generation 84 (__consumer_offsets-24) (reason: Adding new member consumer-2-60cb1811-a69c-4075-886c-1d79ced36731 with group instance id None; client reason: not provided) (kafka.coordinator.group.GroupCoordinator)
[2022-11-24 01:23:39,764] INFO [GroupCoordinator 0]: Stabilized group foo generation 85 (__consumer_offsets-24) with 1 members (kafka.coordinator.group.GroupCoordinator)
[2022-11-24 01:23:39,813] INFO [GroupCoordinator 0]: Assignment received from leader consumer-2-60cb1811-a69c-4075-886c-1d79ced36731 for group foo for generation 85. The group has 1 members, 0 of which are static. (kafka.coordinator.group.GroupCoordinator)
[2022-11-24 01:35:39,597] INFO [GroupCoordinator 0]: Preparing to rebalance group foo in state PreparingRebalance with old generation 85 (__consumer_offsets-24) (reason: Removing member consumer-2-60cb1811-a69c-4075-886c-1d79ced36731 on LeaveGroup; client reason: not provided) (kafka.coordinator.group.GroupCoordinator)
[2022-11-24 01:35:39,597] INFO [GroupCoordinator 0]: Group foo with generation 86 is now empty (__consumer_offsets-24) (kafka.coordinator.group.GroupCoordinator)
[2022-11-24 01:35:39,598] INFO [GroupCoordinator 0]: Member MemberMetadata(memberId=consumer-2-60cb1811-a69c-4075-886c-1d79ced36731, groupInstanceId=None, clientId=consumer-2, clientHost=/127.0.0.1, sessionTimeoutMs=10000, rebalanceTimeoutMs=300000, supportedProtocols=List(range)) has left group foo through explicit `LeaveGroup`; client reason: not provided (kafka.coordinator.group.GroupCoordinator)
[2022-11-24 01:35:51,342] INFO [GroupCoordinator 0]: Dynamic Member with unknown member id joins group foo in Empty state. Created a new member id consumer-2-6dbbb4b9-33a2-491a-8e76-1702e322d691 for this member and add to the group. (kafka.coordinator.group.GroupCoordinator)
[2022-11-24 01:35:51,343] INFO [GroupCoordinator 0]: Preparing to rebalance group foo in state PreparingRebalance with old generation 86 (__consumer_offsets-24) (reason: Adding new member consumer-2-6dbbb4b9-33a2-491a-8e76-1702e322d691 with group instance id None; client reason: not provided) (kafka.coordinator.group.GroupCoordinator)
[2022-11-24 01:35:51,406] INFO [GroupCoordinator 0]: Stabilized group foo generation 87 (__consumer_offsets-24) with 1 members (kafka.coordinator.group.GroupCoordinator)
[2022-11-24 01:35:51,411] INFO [GroupCoordinator 0]: Assignment received from leader consumer-2-6dbbb4b9-33a2-491a-8e76-1702e322d691 for group foo for generation 87. The group has 1 members, 0 of which are static. (kafka.coordinator.group.GroupCoordinator)
[2022-11-24 02:01:01,860] INFO [GroupCoordinator 0]: Preparing to rebalance group foo in state PreparingRebalance with old generation 87 (__consumer_offsets-24) (reason: Removing member consumer-2-6dbbb4b9-33a2-491a-8e76-1702e322d691 on LeaveGroup; client reason: not provided) (kafka.coordinator.group.GroupCoordinator)
[2022-11-24 02:01:01,878] INFO [GroupCoordinator 0]: Group foo with generation 88 is now empty (__consumer_offsets-24) (kafka.coordinator.group.GroupCoordinator)
[2022-11-24 02:01:01,879] INFO [GroupCoordinator 0]: Member MemberMetadata(memberId=consumer-2-6dbbb4b9-33a2-491a-8e76-1702e322d691, groupInstanceId=None, clientId=consumer-2, clientHost=/127.0.0.1, sessionTimeoutMs=10000, rebalanceTimeoutMs=300000, supportedProtocols=List(range)) has left group foo through explicit `LeaveGroup`; client reason: not provided (kafka.coordinator.group.GroupCoordinator)
[2022-11-24 02:01:11,335] WARN Close of session 0x100002e15290004 (org.apache.zookeeper.server.NIOServerCnxn)
java.io.IOException: An existing connection was forcibly closed by the remote host
	at sun.nio.ch.SocketDispatcher.read0(Native Method)
	at sun.nio.ch.SocketDispatcher.read(Unknown Source)
	at sun.nio.ch.IOUtil.readIntoNativeBuffer(Unknown Source)
	at sun.nio.ch.IOUtil.read(Unknown Source)
	at sun.nio.ch.SocketChannelImpl.read(Unknown Source)
	at org.apache.zookeeper.server.NIOServerCnxn.doIO(NIOServerCnxn.java:324)
	at org.apache.zookeeper.server.NIOServerCnxnFactory$IOWorkRequest.doWork(NIOServerCnxnFactory.java:522)
	at org.apache.zookeeper.server.WorkerService$ScheduledWorkRequest.run(WorkerService.java:154)
	at java.util.concurrent.ThreadPoolExecutor.runWorker(Unknown Source)
	at java.util.concurrent.ThreadPoolExecutor$Worker.run(Unknown Source)
	at java.lang.Thread.run(Unknown Source)
